<?xml version="1.0" encoding="UTF-8"?>
<testsuite xmlns:xsi="http://www.w3.org/2001/XMLSchema-instance" xsi:noNamespaceSchemaLocation="https://maven.apache.org/surefire/maven-surefire-plugin/xsd/surefire-test-report.xsd" name="org.apache.zookeeper.test.NioNettySuiteTest" time="666.43" tests="110" errors="0" skipped="0" failures="0">
  <properties>
    <property name="build.test.dir" value="/Users/aleck/go/src/github.com/AleckDarcy/reload/reload/java/zookeeper/3.6.2/zookeeper-server/target/surefire"/>
    <property name="java.specification.version" value="15"/>
    <property name="sun.jnu.encoding" value="UTF-8"/>
    <property name="java.class.path" value="/Users/aleck/go/src/github.com/AleckDarcy/reload/reload/java/zookeeper/3.6.2/zookeeper-server/target/test-classes:/Users/aleck/go/src/github.com/AleckDarcy/reload/reload/java/zookeeper/3.6.2/zookeeper-server/target/classes:/Users/aleck/.m2/repository/com/github/spotbugs/spotbugs-annotations/4.0.2/spotbugs-annotations-4.0.2.jar:/Users/aleck/.m2/repository/com/google/code/findbugs/jsr305/3.0.2/jsr305-3.0.2.jar:/Users/aleck/.m2/repository/org/hamcrest/hamcrest-all/1.3/hamcrest-all-1.3.jar:/Users/aleck/.m2/repository/commons-collections/commons-collections/3.2.2/commons-collections-3.2.2.jar:/Users/aleck/.m2/repository/commons-lang/commons-lang/2.6/commons-lang-2.6.jar:/Users/aleck/go/src/github.com/AleckDarcy/reload/reload/java/zookeeper/3.6.2/zookeeper-jute/target/zookeeper-jute-3.6.2.jar:/Users/aleck/.m2/repository/commons-cli/commons-cli/1.2/commons-cli-1.2.jar:/Users/aleck/.m2/repository/org/apache/yetus/audience-annotations/0.5.0/audience-annotations-0.5.0.jar:/Users/aleck/.m2/repository/io/netty/netty-handler/4.1.50.Final/netty-handler-4.1.50.Final.jar:/Users/aleck/.m2/repository/io/netty/netty-common/4.1.50.Final/netty-common-4.1.50.Final.jar:/Users/aleck/.m2/repository/io/netty/netty-resolver/4.1.50.Final/netty-resolver-4.1.50.Final.jar:/Users/aleck/.m2/repository/io/netty/netty-buffer/4.1.50.Final/netty-buffer-4.1.50.Final.jar:/Users/aleck/.m2/repository/io/netty/netty-transport/4.1.50.Final/netty-transport-4.1.50.Final.jar:/Users/aleck/.m2/repository/io/netty/netty-codec/4.1.50.Final/netty-codec-4.1.50.Final.jar:/Users/aleck/.m2/repository/io/netty/netty-transport-native-epoll/4.1.50.Final/netty-transport-native-epoll-4.1.50.Final.jar:/Users/aleck/.m2/repository/io/netty/netty-transport-native-unix-common/4.1.50.Final/netty-transport-native-unix-common-4.1.50.Final.jar:/Users/aleck/.m2/repository/org/slf4j/slf4j-api/1.7.25/slf4j-api-1.7.25.jar:/Users/aleck/.m2/repository/org/slf4j/slf4j-log4j12/1.7.25/slf4j-log4j12-1.7.25.jar:/Users/aleck/.m2/repository/org/eclipse/jetty/jetty-server/9.4.24.v20191120/jetty-server-9.4.24.v20191120.jar:/Users/aleck/.m2/repository/javax/servlet/javax.servlet-api/3.1.0/javax.servlet-api-3.1.0.jar:/Users/aleck/.m2/repository/org/eclipse/jetty/jetty-http/9.4.24.v20191120/jetty-http-9.4.24.v20191120.jar:/Users/aleck/.m2/repository/org/eclipse/jetty/jetty-util/9.4.24.v20191120/jetty-util-9.4.24.v20191120.jar:/Users/aleck/.m2/repository/org/eclipse/jetty/jetty-io/9.4.24.v20191120/jetty-io-9.4.24.v20191120.jar:/Users/aleck/.m2/repository/org/eclipse/jetty/jetty-servlet/9.4.24.v20191120/jetty-servlet-9.4.24.v20191120.jar:/Users/aleck/.m2/repository/org/eclipse/jetty/jetty-security/9.4.24.v20191120/jetty-security-9.4.24.v20191120.jar:/Users/aleck/.m2/repository/com/fasterxml/jackson/core/jackson-databind/2.10.3/jackson-databind-2.10.3.jar:/Users/aleck/.m2/repository/com/fasterxml/jackson/core/jackson-annotations/2.10.3/jackson-annotations-2.10.3.jar:/Users/aleck/.m2/repository/com/fasterxml/jackson/core/jackson-core/2.10.3/jackson-core-2.10.3.jar:/Users/aleck/.m2/repository/com/googlecode/json-simple/json-simple/1.1.1/json-simple-1.1.1.jar:/Users/aleck/.m2/repository/org/bouncycastle/bcprov-jdk15on/1.60/bcprov-jdk15on-1.60.jar:/Users/aleck/.m2/repository/org/bouncycastle/bcpkix-jdk15on/1.60/bcpkix-jdk15on-1.60.jar:/Users/aleck/.m2/repository/jline/jline/2.14.6/jline-2.14.6.jar:/Users/aleck/.m2/repository/io/dropwizard/metrics/metrics-core/3.2.5/metrics-core-3.2.5.jar:/Users/aleck/.m2/repository/log4j/log4j/1.2.17/log4j-1.2.17.jar:/Users/aleck/.m2/repository/org/apache/kerby/kerb-core/2.0.0/kerb-core-2.0.0.jar:/Users/aleck/.m2/repository/org/apache/kerby/kerby-pkix/2.0.0/kerby-pkix-2.0.0.jar:/Users/aleck/.m2/repository/org/apache/kerby/kerby-asn1/2.0.0/kerby-asn1-2.0.0.jar:/Users/aleck/.m2/repository/org/apache/kerby/kerby-util/2.0.0/kerby-util-2.0.0.jar:/Users/aleck/.m2/repository/org/apache/kerby/kerb-simplekdc/2.0.0/kerb-simplekdc-2.0.0.jar:/Users/aleck/.m2/repository/org/apache/kerby/kerb-client/2.0.0/kerb-client-2.0.0.jar:/Users/aleck/.m2/repository/org/apache/kerby/kerb-common/2.0.0/kerb-common-2.0.0.jar:/Users/aleck/.m2/repository/org/apache/kerby/kerb-crypto/2.0.0/kerb-crypto-2.0.0.jar:/Users/aleck/.m2/repository/commons-io/commons-io/2.6/commons-io-2.6.jar:/Users/aleck/.m2/repository/org/apache/kerby/kerb-util/2.0.0/kerb-util-2.0.0.jar:/Users/aleck/.m2/repository/org/apache/kerby/token-provider/2.0.0/token-provider-2.0.0.jar:/Users/aleck/.m2/repository/com/nimbusds/nimbus-jose-jwt/4.41.2/nimbus-jose-jwt-4.41.2.jar:/Users/aleck/.m2/repository/com/github/stephenc/jcip/jcip-annotations/1.0-1/jcip-annotations-1.0-1.jar:/Users/aleck/.m2/repository/net/minidev/json-smart/2.3/json-smart-2.3.jar:/Users/aleck/.m2/repository/net/minidev/accessors-smart/1.2/accessors-smart-1.2.jar:/Users/aleck/.m2/repository/org/ow2/asm/asm/5.0.4/asm-5.0.4.jar:/Users/aleck/.m2/repository/org/apache/kerby/kerb-admin/2.0.0/kerb-admin-2.0.0.jar:/Users/aleck/.m2/repository/org/apache/kerby/kerb-server/2.0.0/kerb-server-2.0.0.jar:/Users/aleck/.m2/repository/org/apache/kerby/kerb-identity/2.0.0/kerb-identity-2.0.0.jar:/Users/aleck/.m2/repository/org/apache/kerby/kerby-xdr/2.0.0/kerby-xdr-2.0.0.jar:/Users/aleck/.m2/repository/org/apache/kerby/kerby-config/2.0.0/kerby-config-2.0.0.jar:/Users/aleck/.m2/repository/org/mockito/mockito-core/2.27.0/mockito-core-2.27.0.jar:/Users/aleck/.m2/repository/net/bytebuddy/byte-buddy/1.9.10/byte-buddy-1.9.10.jar:/Users/aleck/.m2/repository/net/bytebuddy/byte-buddy-agent/1.9.10/byte-buddy-agent-1.9.10.jar:/Users/aleck/.m2/repository/org/objenesis/objenesis/2.6/objenesis-2.6.jar:/Users/aleck/.m2/repository/org/jmockit/jmockit/1.48/jmockit-1.48.jar:/Users/aleck/.m2/repository/junit/junit/4.12/junit-4.12.jar:/Users/aleck/.m2/repository/org/hamcrest/hamcrest-core/1.3/hamcrest-core-1.3.jar:/Users/aleck/.m2/repository/org/xerial/snappy/snappy-java/1.1.7/snappy-java-1.1.7.jar:"/>
    <property name="java.vm.vendor" value="Oracle Corporation"/>
    <property name="sun.arch.data.model" value="64"/>
    <property name="java.vendor.url" value="https://openjdk.java.net/"/>
    <property name="os.name" value="Mac OS X"/>
    <property name="java.vm.specification.version" value="15"/>
    <property name="sun.java.launcher" value="SUN_STANDARD"/>
    <property name="user.country" value="CN"/>
    <property name="sun.boot.library.path" value="/usr/local/Cellar/openjdk/15.0.1/libexec/openjdk.jdk/Contents/Home/lib"/>
    <property name="sun.java.command" value="/Users/aleck/go/src/github.com/AleckDarcy/reload/reload/java/zookeeper/3.6.2/zookeeper-server/target/surefire/surefirebooter1482563952083481518.jar /Users/aleck/go/src/github.com/AleckDarcy/reload/reload/java/zookeeper/3.6.2/zookeeper-server/target/surefire 2020-12-21T19-21-54_603-jvmRun5 surefire11708866354203316753tmp surefire_8317068787583068112109tmp"/>
    <property name="jdk.debug" value="release"/>
    <property name="surefire.test.class.path" value="/Users/aleck/go/src/github.com/AleckDarcy/reload/reload/java/zookeeper/3.6.2/zookeeper-server/target/test-classes:/Users/aleck/go/src/github.com/AleckDarcy/reload/reload/java/zookeeper/3.6.2/zookeeper-server/target/classes:/Users/aleck/.m2/repository/com/github/spotbugs/spotbugs-annotations/4.0.2/spotbugs-annotations-4.0.2.jar:/Users/aleck/.m2/repository/com/google/code/findbugs/jsr305/3.0.2/jsr305-3.0.2.jar:/Users/aleck/.m2/repository/org/hamcrest/hamcrest-all/1.3/hamcrest-all-1.3.jar:/Users/aleck/.m2/repository/commons-collections/commons-collections/3.2.2/commons-collections-3.2.2.jar:/Users/aleck/.m2/repository/commons-lang/commons-lang/2.6/commons-lang-2.6.jar:/Users/aleck/go/src/github.com/AleckDarcy/reload/reload/java/zookeeper/3.6.2/zookeeper-jute/target/zookeeper-jute-3.6.2.jar:/Users/aleck/.m2/repository/commons-cli/commons-cli/1.2/commons-cli-1.2.jar:/Users/aleck/.m2/repository/org/apache/yetus/audience-annotations/0.5.0/audience-annotations-0.5.0.jar:/Users/aleck/.m2/repository/io/netty/netty-handler/4.1.50.Final/netty-handler-4.1.50.Final.jar:/Users/aleck/.m2/repository/io/netty/netty-common/4.1.50.Final/netty-common-4.1.50.Final.jar:/Users/aleck/.m2/repository/io/netty/netty-resolver/4.1.50.Final/netty-resolver-4.1.50.Final.jar:/Users/aleck/.m2/repository/io/netty/netty-buffer/4.1.50.Final/netty-buffer-4.1.50.Final.jar:/Users/aleck/.m2/repository/io/netty/netty-transport/4.1.50.Final/netty-transport-4.1.50.Final.jar:/Users/aleck/.m2/repository/io/netty/netty-codec/4.1.50.Final/netty-codec-4.1.50.Final.jar:/Users/aleck/.m2/repository/io/netty/netty-transport-native-epoll/4.1.50.Final/netty-transport-native-epoll-4.1.50.Final.jar:/Users/aleck/.m2/repository/io/netty/netty-transport-native-unix-common/4.1.50.Final/netty-transport-native-unix-common-4.1.50.Final.jar:/Users/aleck/.m2/repository/org/slf4j/slf4j-api/1.7.25/slf4j-api-1.7.25.jar:/Users/aleck/.m2/repository/org/slf4j/slf4j-log4j12/1.7.25/slf4j-log4j12-1.7.25.jar:/Users/aleck/.m2/repository/org/eclipse/jetty/jetty-server/9.4.24.v20191120/jetty-server-9.4.24.v20191120.jar:/Users/aleck/.m2/repository/javax/servlet/javax.servlet-api/3.1.0/javax.servlet-api-3.1.0.jar:/Users/aleck/.m2/repository/org/eclipse/jetty/jetty-http/9.4.24.v20191120/jetty-http-9.4.24.v20191120.jar:/Users/aleck/.m2/repository/org/eclipse/jetty/jetty-util/9.4.24.v20191120/jetty-util-9.4.24.v20191120.jar:/Users/aleck/.m2/repository/org/eclipse/jetty/jetty-io/9.4.24.v20191120/jetty-io-9.4.24.v20191120.jar:/Users/aleck/.m2/repository/org/eclipse/jetty/jetty-servlet/9.4.24.v20191120/jetty-servlet-9.4.24.v20191120.jar:/Users/aleck/.m2/repository/org/eclipse/jetty/jetty-security/9.4.24.v20191120/jetty-security-9.4.24.v20191120.jar:/Users/aleck/.m2/repository/com/fasterxml/jackson/core/jackson-databind/2.10.3/jackson-databind-2.10.3.jar:/Users/aleck/.m2/repository/com/fasterxml/jackson/core/jackson-annotations/2.10.3/jackson-annotations-2.10.3.jar:/Users/aleck/.m2/repository/com/fasterxml/jackson/core/jackson-core/2.10.3/jackson-core-2.10.3.jar:/Users/aleck/.m2/repository/com/googlecode/json-simple/json-simple/1.1.1/json-simple-1.1.1.jar:/Users/aleck/.m2/repository/org/bouncycastle/bcprov-jdk15on/1.60/bcprov-jdk15on-1.60.jar:/Users/aleck/.m2/repository/org/bouncycastle/bcpkix-jdk15on/1.60/bcpkix-jdk15on-1.60.jar:/Users/aleck/.m2/repository/jline/jline/2.14.6/jline-2.14.6.jar:/Users/aleck/.m2/repository/io/dropwizard/metrics/metrics-core/3.2.5/metrics-core-3.2.5.jar:/Users/aleck/.m2/repository/log4j/log4j/1.2.17/log4j-1.2.17.jar:/Users/aleck/.m2/repository/org/apache/kerby/kerb-core/2.0.0/kerb-core-2.0.0.jar:/Users/aleck/.m2/repository/org/apache/kerby/kerby-pkix/2.0.0/kerby-pkix-2.0.0.jar:/Users/aleck/.m2/repository/org/apache/kerby/kerby-asn1/2.0.0/kerby-asn1-2.0.0.jar:/Users/aleck/.m2/repository/org/apache/kerby/kerby-util/2.0.0/kerby-util-2.0.0.jar:/Users/aleck/.m2/repository/org/apache/kerby/kerb-simplekdc/2.0.0/kerb-simplekdc-2.0.0.jar:/Users/aleck/.m2/repository/org/apache/kerby/kerb-client/2.0.0/kerb-client-2.0.0.jar:/Users/aleck/.m2/repository/org/apache/kerby/kerb-common/2.0.0/kerb-common-2.0.0.jar:/Users/aleck/.m2/repository/org/apache/kerby/kerb-crypto/2.0.0/kerb-crypto-2.0.0.jar:/Users/aleck/.m2/repository/commons-io/commons-io/2.6/commons-io-2.6.jar:/Users/aleck/.m2/repository/org/apache/kerby/kerb-util/2.0.0/kerb-util-2.0.0.jar:/Users/aleck/.m2/repository/org/apache/kerby/token-provider/2.0.0/token-provider-2.0.0.jar:/Users/aleck/.m2/repository/com/nimbusds/nimbus-jose-jwt/4.41.2/nimbus-jose-jwt-4.41.2.jar:/Users/aleck/.m2/repository/com/github/stephenc/jcip/jcip-annotations/1.0-1/jcip-annotations-1.0-1.jar:/Users/aleck/.m2/repository/net/minidev/json-smart/2.3/json-smart-2.3.jar:/Users/aleck/.m2/repository/net/minidev/accessors-smart/1.2/accessors-smart-1.2.jar:/Users/aleck/.m2/repository/org/ow2/asm/asm/5.0.4/asm-5.0.4.jar:/Users/aleck/.m2/repository/org/apache/kerby/kerb-admin/2.0.0/kerb-admin-2.0.0.jar:/Users/aleck/.m2/repository/org/apache/kerby/kerb-server/2.0.0/kerb-server-2.0.0.jar:/Users/aleck/.m2/repository/org/apache/kerby/kerb-identity/2.0.0/kerb-identity-2.0.0.jar:/Users/aleck/.m2/repository/org/apache/kerby/kerby-xdr/2.0.0/kerby-xdr-2.0.0.jar:/Users/aleck/.m2/repository/org/apache/kerby/kerby-config/2.0.0/kerby-config-2.0.0.jar:/Users/aleck/.m2/repository/org/mockito/mockito-core/2.27.0/mockito-core-2.27.0.jar:/Users/aleck/.m2/repository/net/bytebuddy/byte-buddy/1.9.10/byte-buddy-1.9.10.jar:/Users/aleck/.m2/repository/net/bytebuddy/byte-buddy-agent/1.9.10/byte-buddy-agent-1.9.10.jar:/Users/aleck/.m2/repository/org/objenesis/objenesis/2.6/objenesis-2.6.jar:/Users/aleck/.m2/repository/org/jmockit/jmockit/1.48/jmockit-1.48.jar:/Users/aleck/.m2/repository/junit/junit/4.12/junit-4.12.jar:/Users/aleck/.m2/repository/org/hamcrest/hamcrest-core/1.3/hamcrest-core-1.3.jar:/Users/aleck/.m2/repository/org/xerial/snappy/snappy-java/1.1.7/snappy-java-1.1.7.jar:"/>
    <property name="sun.cpu.endian" value="little"/>
    <property name="user.home" value="/Users/aleck"/>
    <property name="user.language" value="en"/>
    <property name="java.specification.vendor" value="Oracle Corporation"/>
    <property name="java.version.date" value="2020-10-20"/>
    <property name="java.home" value="/usr/local/Cellar/openjdk/15.0.1/libexec/openjdk.jdk/Contents/Home"/>
    <property name="zookeeper.DigestAuthenticationProvider.superDigest" value="super:D/InIHSb7yEEbrWz8b9l71RjZJU="/>
    <property name="file.separator" value="/"/>
    <property name="basedir" value="/Users/aleck/go/src/github.com/AleckDarcy/reload/reload/java/zookeeper/3.6.2/zookeeper-server"/>
    <property name="java.vm.compressedOopsMode" value="Zero based"/>
    <property name="line.separator" value="&#10;"/>
    <property name="java.specification.name" value="Java Platform API Specification"/>
    <property name="java.vm.specification.vendor" value="Oracle Corporation"/>
    <property name="test.junit.threads" value="8"/>
    <property name="surefire.real.class.path" value="/Users/aleck/go/src/github.com/AleckDarcy/reload/reload/java/zookeeper/3.6.2/zookeeper-server/target/surefire/surefirebooter1482563952083481518.jar"/>
    <property name="zookeeper.junit.threadid" value="5"/>
    <property name="sun.management.compiler" value="HotSpot 64-Bit Tiered Compilers"/>
    <property name="java.runtime.version" value="15.0.1+9"/>
    <property name="user.name" value="aleck"/>
    <property name="path.separator" value=":"/>
    <property name="os.version" value="11.1"/>
    <property name="java.runtime.name" value="OpenJDK Runtime Environment"/>
    <property name="file.encoding" value="UTF-8"/>
    <property name="java.vm.name" value="OpenJDK 64-Bit Server VM"/>
    <property name="localRepository" value="/Users/aleck/.m2/repository"/>
    <property name="java.vendor.url.bug" value="https://bugreport.java.com/bugreport/"/>
    <property name="java.io.tmpdir" value="/var/folders/_1/3xdp_mt923b81d6gg86gq91w0000gn/T/"/>
    <property name="java.version" value="15.0.1"/>
    <property name="user.dir" value="/Users/aleck/go/src/github.com/AleckDarcy/reload/reload/java/zookeeper/3.6.2/zookeeper-server"/>
    <property name="os.arch" value="x86_64"/>
    <property name="java.vm.specification.name" value="Java Virtual Machine Specification"/>
    <property name="java.library.path" value="/Users/aleck/Library/Java/Extensions:/Library/Java/Extensions:/Network/Library/Java/Extensions:/System/Library/Java/Extensions:/usr/lib/java:."/>
    <property name="java.vm.info" value="mixed mode, sharing"/>
    <property name="java.vendor" value="N/A"/>
    <property name="java.vm.version" value="15.0.1+9"/>
    <property name="sun.io.unicode.encoding" value="UnicodeBig"/>
    <property name="java.class.version" value="59.0"/>
    <property name="maven.test.failure.ignore" value="true"/>
  </properties>
  <testcase name="testNettyIpAuthDefault" classname="org.apache.zookeeper.test.ACLTest" time="1.427"/>
  <testcase name="testAcls" classname="org.apache.zookeeper.test.ACLTest" time="20.645"/>
  <testcase name="testIPAuthenticationIsValidCIDR" classname="org.apache.zookeeper.test.ACLTest" time="0.002"/>
  <testcase name="testNullValueACL" classname="org.apache.zookeeper.test.ACLTest" time="0.804"/>
  <testcase name="testDisconnectedAddAuth" classname="org.apache.zookeeper.test.ACLTest" time="0.709"/>
  <testcase name="testNullACL" classname="org.apache.zookeeper.test.ACLTest" time="0.775"/>
  <testcase name="testAsyncMulti" classname="org.apache.zookeeper.test.AsyncOpsTest" time="1.007"/>
  <testcase name="testAsyncMultiSequential_NoSideEffect" classname="org.apache.zookeeper.test.AsyncOpsTest" time="1.237"/>
  <testcase name="testAsyncGetChildrenEmpty" classname="org.apache.zookeeper.test.AsyncOpsTest" time="1.006"/>
  <testcase name="testAsyncSetACLFailure_BadVersion" classname="org.apache.zookeeper.test.AsyncOpsTest" time="1.148"/>
  <testcase name="testAsyncCreate" classname="org.apache.zookeeper.test.AsyncOpsTest" time="1.139"/>
  <testcase name="testAsyncDelete" classname="org.apache.zookeeper.test.AsyncOpsTest" time="0.877"/>
  <testcase name="testAsyncGetChildren2Failure_NoNode" classname="org.apache.zookeeper.test.AsyncOpsTest" time="0.864"/>
  <testcase name="testAsyncExists" classname="org.apache.zookeeper.test.AsyncOpsTest" time="1.078"/>
  <testcase name="testAsyncGetDataFailure_NoNode" classname="org.apache.zookeeper.test.AsyncOpsTest" time="0.783"/>
  <testcase name="testAsyncGetACL" classname="org.apache.zookeeper.test.AsyncOpsTest" time="1.25"/>
  <testcase name="testAsyncCreate2Failure_NoNode" classname="org.apache.zookeeper.test.AsyncOpsTest" time="0.838"/>
  <testcase name="testAsyncCreateFailure_NoNode" classname="org.apache.zookeeper.test.AsyncOpsTest" time="1.088"/>
  <testcase name="testAsyncSetACL" classname="org.apache.zookeeper.test.AsyncOpsTest" time="1.128"/>
  <testcase name="testAsyncMultiFailure_NoSideEffect" classname="org.apache.zookeeper.test.AsyncOpsTest" time="1.327"/>
  <testcase name="testAsyncGetData" classname="org.apache.zookeeper.test.AsyncOpsTest" time="1.206"/>
  <testcase name="testAsyncSync" classname="org.apache.zookeeper.test.AsyncOpsTest" time="0.951"/>
  <testcase name="testAsyncGetChildren2Two" classname="org.apache.zookeeper.test.AsyncOpsTest" time="1.351"/>
  <testcase name="testAsyncCreateFailure_NoChildForEphemeral" classname="org.apache.zookeeper.test.AsyncOpsTest" time="1.395"/>
  <testcase name="testAsyncDeleteFailure_BadVersion" classname="org.apache.zookeeper.test.AsyncOpsTest" time="1.09"/>
  <testcase name="testAsyncDeleteFailure_NoNode" classname="org.apache.zookeeper.test.AsyncOpsTest" time="0.973"/>
  <testcase name="testAsyncSetDataFailure_BadVersion" classname="org.apache.zookeeper.test.AsyncOpsTest" time="1.049"/>
  <testcase name="testAsyncGetChildrenFailure_NoNode" classname="org.apache.zookeeper.test.AsyncOpsTest" time="0.778"/>
  <testcase name="testAsyncCreate2" classname="org.apache.zookeeper.test.AsyncOpsTest" time="0.809"/>
  <testcase name="testAsyncExistsFailure_NoNode" classname="org.apache.zookeeper.test.AsyncOpsTest" time="0.762"/>
  <testcase name="testAsyncGetChildren2Empty" classname="org.apache.zookeeper.test.AsyncOpsTest" time="0.827"/>
  <testcase name="testAsyncCreateThree" classname="org.apache.zookeeper.test.AsyncOpsTest" time="0.716"/>
  <testcase name="testAsyncMultiFailure_AllErrorResult" classname="org.apache.zookeeper.test.AsyncOpsTest" time="1.054"/>
  <testcase name="testAsyncGetChildrenTwo" classname="org.apache.zookeeper.test.AsyncOpsTest" time="1.168"/>
  <testcase name="testAsyncCreateFailure_NodeExists" classname="org.apache.zookeeper.test.AsyncOpsTest" time="0.997"/>
  <testcase name="testAsyncCreate2Failure_NoChildForEphemeral" classname="org.apache.zookeeper.test.AsyncOpsTest" time="0.961"/>
  <testcase name="testAsyncSetData" classname="org.apache.zookeeper.test.AsyncOpsTest" time="0.977"/>
  <testcase name="testAsyncSetDataFailure_NoNode" classname="org.apache.zookeeper.test.AsyncOpsTest" time="1.079"/>
  <testcase name="testAsyncSetACLFailure_NoNode" classname="org.apache.zookeeper.test.AsyncOpsTest" time="1.096"/>
  <testcase name="testAsyncDeleteFailure_NotEmpty" classname="org.apache.zookeeper.test.AsyncOpsTest" time="1.147"/>
  <testcase name="testAsyncGetChildrenSingle" classname="org.apache.zookeeper.test.AsyncOpsTest" time="1.297"/>
  <testcase name="testAsyncCreate2Failure_NodeExists" classname="org.apache.zookeeper.test.AsyncOpsTest" time="1.185"/>
  <testcase name="testAsyncGetACLFailure_NoNode" classname="org.apache.zookeeper.test.AsyncOpsTest" time="0.919"/>
  <testcase name="testAsyncGetChildren2Single" classname="org.apache.zookeeper.test.AsyncOpsTest" time="1.03"/>
  <testcase name="testPing" classname="org.apache.zookeeper.test.ChrootClientTest" time="1.242"/>
  <testcase name="testTryWithResources" classname="org.apache.zookeeper.test.ChrootClientTest" time="1.088"/>
  <testcase name="testACLs" classname="org.apache.zookeeper.test.ChrootClientTest" time="2.327"/>
  <testcase name="testClientCleanup" classname="org.apache.zookeeper.test.ChrootClientTest" time="4.901"/>
  <testcase name="testClientwithoutWatcherObj" classname="org.apache.zookeeper.test.ChrootClientTest" time="7.289"/>
  <testcase name="testSequentialNodeData" classname="org.apache.zookeeper.test.ChrootClientTest" time="1.451"/>
  <testcase name="testSequentialNodeNames" classname="org.apache.zookeeper.test.ChrootClientTest" time="9.094"/>
  <testcase name="testClientWithWatcherObj" classname="org.apache.zookeeper.test.ChrootClientTest" time="6.44"/>
  <testcase name="testTestability" classname="org.apache.zookeeper.test.ChrootClientTest" time="0.937"/>
  <testcase name="testNullAuthId" classname="org.apache.zookeeper.test.ChrootClientTest" time="1.857"/>
  <testcase name="testNonExistingOpCode" classname="org.apache.zookeeper.test.ChrootClientTest" time="2.027"/>
  <testcase name="testDeleteWithChildren" classname="org.apache.zookeeper.test.ChrootClientTest" time="1.893"/>
  <testcase name="testPathValidation" classname="org.apache.zookeeper.test.ChrootClientTest" time="2.541"/>
  <testcase name="testLargeNodeData" classname="org.apache.zookeeper.test.ChrootClientTest" time="0.662"/>
  <testcase name="testMutipleWatcherObjs" classname="org.apache.zookeeper.test.ChrootClientTest" time="61.805"/>
  <testcase name="testCXidRollover" classname="org.apache.zookeeper.test.ChrootClientTest" time="3.984"/>
  <testcase name="testTryWithResources" classname="org.apache.zookeeper.test.ClientTest" time="1.176"/>
  <testcase name="testACLs" classname="org.apache.zookeeper.test.ClientTest" time="2.804"/>
  <testcase name="testPing" classname="org.apache.zookeeper.test.ClientTest" time="13.991"/>
  <testcase name="testClientCleanup" classname="org.apache.zookeeper.test.ClientTest" time="4.804"/>
  <testcase name="testClientwithoutWatcherObj" classname="org.apache.zookeeper.test.ClientTest" time="7.537"/>
  <testcase name="testSequentialNodeData" classname="org.apache.zookeeper.test.ClientTest" time="1.358"/>
  <testcase name="testSequentialNodeNames" classname="org.apache.zookeeper.test.ClientTest" time="12.038"/>
  <testcase name="testClientWithWatcherObj" classname="org.apache.zookeeper.test.ClientTest" time="7.383"/>
  <testcase name="testTestability" classname="org.apache.zookeeper.test.ClientTest" time="1.065"/>
  <testcase name="testNullAuthId" classname="org.apache.zookeeper.test.ClientTest" time="1.886"/>
  <testcase name="testNonExistingOpCode" classname="org.apache.zookeeper.test.ClientTest" time="2.686"/>
  <testcase name="testDeleteWithChildren" classname="org.apache.zookeeper.test.ClientTest" time="1.643"/>
  <testcase name="testPathValidation" classname="org.apache.zookeeper.test.ClientTest" time="3.069"/>
  <testcase name="testLargeNodeData" classname="org.apache.zookeeper.test.ClientTest" time="1.208"/>
  <testcase name="testMutipleWatcherObjs" classname="org.apache.zookeeper.test.ClientTest" time="57.146"/>
  <testcase name="testCXidRollover" classname="org.apache.zookeeper.test.ClientTest" time="1.692"/>
  <testcase name="testFourLetterWords" classname="org.apache.zookeeper.test.FourLetterWordsTest" time="0.328"/>
  <testcase name="testSetTraceMask" classname="org.apache.zookeeper.test.FourLetterWordsTest" time="0.081"/>
  <testcase name="testValidateConsOutput" classname="org.apache.zookeeper.test.FourLetterWordsTest" time="0.617"/>
  <testcase name="testValidateSocketTimeout" classname="org.apache.zookeeper.test.FourLetterWordsTest" time="0.063"/>
  <testcase name="testValidateStatOutput" classname="org.apache.zookeeper.test.FourLetterWordsTest" time="0.618"/>
  <testcase name="testNullData" classname="org.apache.zookeeper.test.NullDataTest" time="0.49"/>
  <testcase name="testQuorumSystemChange" classname="org.apache.zookeeper.test.ReconfigTest" time="20.193"/>
  <testcase name="testPortChange" classname="org.apache.zookeeper.test.ReconfigTest" time="43.051"/>
  <testcase name="testPortChangeToBlockedPortLeader" classname="org.apache.zookeeper.test.ReconfigTest" time="66.219"/>
  <testcase name="testUnspecifiedClientAddress" classname="org.apache.zookeeper.test.ReconfigTest" time="0"/>
  <testcase name="testReconfigEnablemntWithRollingRestart" classname="org.apache.zookeeper.test.ReconfigTest" time="11.133"/>
  <testcase name="testInitialConfigHasPositiveVersion" classname="org.apache.zookeeper.test.ReconfigTest" time="4.317"/>
  <testcase name="testRemoveAddOne" classname="org.apache.zookeeper.test.ReconfigTest" time="10.799"/>
  <testcase name="testRemoveAddTwo" classname="org.apache.zookeeper.test.ReconfigTest" time="25.926"/>
  <testcase name="testPortChangeToBlockedPortFollower" classname="org.apache.zookeeper.test.ReconfigTest" time="68.699"/>
  <testcase name="testJMXBeanAfterRemoveAddOne" classname="org.apache.zookeeper.test.ReconfigTest" time="4.563"/>
  <testcase name="testRoleChange" classname="org.apache.zookeeper.test.ReconfigTest" time="13.613"/>
  <testcase name="testBulkReconfig" classname="org.apache.zookeeper.test.ReconfigTest" time="22.19"/>
  <testcase name="testJMXBeanAfterRoleChange" classname="org.apache.zookeeper.test.ReconfigTest" time="6.332"/>
  <testcase name="testRemoveOneAsynchronous" classname="org.apache.zookeeper.test.ReconfigTest" time="6.965"/>
  <testcase name="testMinMaxSessionTimeout" classname="org.apache.zookeeper.test.SessionTest" time="1.317"/>
  <testcase name="testSessionMove" classname="org.apache.zookeeper.test.SessionTest" time="1.42"/>
  <testcase name="testMaximumCnxnPerIP" classname="org.apache.zookeeper.test.SessionTest" time="3.823"/>
  <testcase name="testSessionTimeoutAccess" classname="org.apache.zookeeper.test.SessionTest" time="1.381"/>
  <testcase name="testSession" classname="org.apache.zookeeper.test.SessionTest" time="1.518"/>
  <testcase name="testSessionStateNoDupStateReporting" classname="org.apache.zookeeper.test.SessionTest" time="11.348"/>
  <testcase name="testWatchAutoResetWithPending" classname="org.apache.zookeeper.test.WatcherTest" time="5.384"/>
  <testcase name="testWatcherCorrectness" classname="org.apache.zookeeper.test.WatcherTest" time="3.437"/>
  <testcase name="testWatcherAutoResetDisabledWithLocal" classname="org.apache.zookeeper.test.WatcherTest" time="8.202"/>
  <testcase name="testWatcherAutoResetWithGlobal" classname="org.apache.zookeeper.test.WatcherTest" time="8.189"/>
  <testcase name="testWatcherDisconnectOnClose" classname="org.apache.zookeeper.test.WatcherTest" time="1.143"/>
  <testcase name="testWatcherCount" classname="org.apache.zookeeper.test.WatcherTest" time="1.495"/>
  <testcase name="testWatcherAutoResetDisabledWithGlobal" classname="org.apache.zookeeper.test.WatcherTest" time="8.059"/>
  <testcase name="testWatcherAutoResetWithLocal" classname="org.apache.zookeeper.test.WatcherTest" time="7.665"/>
</testsuite>