<?xml version="1.0" encoding="UTF-8"?>
<testsuite xmlns:xsi="http://www.w3.org/2001/XMLSchema-instance" xsi:noNamespaceSchemaLocation="https://maven.apache.org/surefire/maven-surefire-plugin/xsd/surefire-test-report.xsd" name="org.apache.zookeeper.common.X509UtilTest" time="31.508" tests="352" errors="0" skipped="0" failures="0">
  <properties>
    <property name="build.test.dir" value="/Users/aleck/go/src/github.com/AleckDarcy/reload/reload/java/zookeeper/3.6.2/zookeeper-server/target/surefire"/>
    <property name="java.specification.version" value="15"/>
    <property name="sun.jnu.encoding" value="UTF-8"/>
    <property name="java.class.path" value="/Users/aleck/go/src/github.com/AleckDarcy/reload/reload/java/zookeeper/3.6.2/zookeeper-server/target/test-classes:/Users/aleck/go/src/github.com/AleckDarcy/reload/reload/java/zookeeper/3.6.2/zookeeper-server/target/classes:/Users/aleck/.m2/repository/com/github/spotbugs/spotbugs-annotations/4.0.2/spotbugs-annotations-4.0.2.jar:/Users/aleck/.m2/repository/com/google/code/findbugs/jsr305/3.0.2/jsr305-3.0.2.jar:/Users/aleck/.m2/repository/org/hamcrest/hamcrest-all/1.3/hamcrest-all-1.3.jar:/Users/aleck/.m2/repository/commons-collections/commons-collections/3.2.2/commons-collections-3.2.2.jar:/Users/aleck/.m2/repository/commons-lang/commons-lang/2.6/commons-lang-2.6.jar:/Users/aleck/go/src/github.com/AleckDarcy/reload/reload/java/zookeeper/3.6.2/zookeeper-jute/target/zookeeper-jute-3.6.2.jar:/Users/aleck/.m2/repository/commons-cli/commons-cli/1.2/commons-cli-1.2.jar:/Users/aleck/.m2/repository/org/apache/yetus/audience-annotations/0.5.0/audience-annotations-0.5.0.jar:/Users/aleck/.m2/repository/io/netty/netty-handler/4.1.50.Final/netty-handler-4.1.50.Final.jar:/Users/aleck/.m2/repository/io/netty/netty-common/4.1.50.Final/netty-common-4.1.50.Final.jar:/Users/aleck/.m2/repository/io/netty/netty-resolver/4.1.50.Final/netty-resolver-4.1.50.Final.jar:/Users/aleck/.m2/repository/io/netty/netty-buffer/4.1.50.Final/netty-buffer-4.1.50.Final.jar:/Users/aleck/.m2/repository/io/netty/netty-transport/4.1.50.Final/netty-transport-4.1.50.Final.jar:/Users/aleck/.m2/repository/io/netty/netty-codec/4.1.50.Final/netty-codec-4.1.50.Final.jar:/Users/aleck/.m2/repository/io/netty/netty-transport-native-epoll/4.1.50.Final/netty-transport-native-epoll-4.1.50.Final.jar:/Users/aleck/.m2/repository/io/netty/netty-transport-native-unix-common/4.1.50.Final/netty-transport-native-unix-common-4.1.50.Final.jar:/Users/aleck/.m2/repository/org/slf4j/slf4j-api/1.7.25/slf4j-api-1.7.25.jar:/Users/aleck/.m2/repository/org/slf4j/slf4j-log4j12/1.7.25/slf4j-log4j12-1.7.25.jar:/Users/aleck/.m2/repository/org/eclipse/jetty/jetty-server/9.4.24.v20191120/jetty-server-9.4.24.v20191120.jar:/Users/aleck/.m2/repository/javax/servlet/javax.servlet-api/3.1.0/javax.servlet-api-3.1.0.jar:/Users/aleck/.m2/repository/org/eclipse/jetty/jetty-http/9.4.24.v20191120/jetty-http-9.4.24.v20191120.jar:/Users/aleck/.m2/repository/org/eclipse/jetty/jetty-util/9.4.24.v20191120/jetty-util-9.4.24.v20191120.jar:/Users/aleck/.m2/repository/org/eclipse/jetty/jetty-io/9.4.24.v20191120/jetty-io-9.4.24.v20191120.jar:/Users/aleck/.m2/repository/org/eclipse/jetty/jetty-servlet/9.4.24.v20191120/jetty-servlet-9.4.24.v20191120.jar:/Users/aleck/.m2/repository/org/eclipse/jetty/jetty-security/9.4.24.v20191120/jetty-security-9.4.24.v20191120.jar:/Users/aleck/.m2/repository/com/fasterxml/jackson/core/jackson-databind/2.10.3/jackson-databind-2.10.3.jar:/Users/aleck/.m2/repository/com/fasterxml/jackson/core/jackson-annotations/2.10.3/jackson-annotations-2.10.3.jar:/Users/aleck/.m2/repository/com/fasterxml/jackson/core/jackson-core/2.10.3/jackson-core-2.10.3.jar:/Users/aleck/.m2/repository/com/googlecode/json-simple/json-simple/1.1.1/json-simple-1.1.1.jar:/Users/aleck/.m2/repository/org/bouncycastle/bcprov-jdk15on/1.60/bcprov-jdk15on-1.60.jar:/Users/aleck/.m2/repository/org/bouncycastle/bcpkix-jdk15on/1.60/bcpkix-jdk15on-1.60.jar:/Users/aleck/.m2/repository/jline/jline/2.14.6/jline-2.14.6.jar:/Users/aleck/.m2/repository/io/dropwizard/metrics/metrics-core/3.2.5/metrics-core-3.2.5.jar:/Users/aleck/.m2/repository/log4j/log4j/1.2.17/log4j-1.2.17.jar:/Users/aleck/.m2/repository/org/apache/kerby/kerb-core/2.0.0/kerb-core-2.0.0.jar:/Users/aleck/.m2/repository/org/apache/kerby/kerby-pkix/2.0.0/kerby-pkix-2.0.0.jar:/Users/aleck/.m2/repository/org/apache/kerby/kerby-asn1/2.0.0/kerby-asn1-2.0.0.jar:/Users/aleck/.m2/repository/org/apache/kerby/kerby-util/2.0.0/kerby-util-2.0.0.jar:/Users/aleck/.m2/repository/org/apache/kerby/kerb-simplekdc/2.0.0/kerb-simplekdc-2.0.0.jar:/Users/aleck/.m2/repository/org/apache/kerby/kerb-client/2.0.0/kerb-client-2.0.0.jar:/Users/aleck/.m2/repository/org/apache/kerby/kerb-common/2.0.0/kerb-common-2.0.0.jar:/Users/aleck/.m2/repository/org/apache/kerby/kerb-crypto/2.0.0/kerb-crypto-2.0.0.jar:/Users/aleck/.m2/repository/commons-io/commons-io/2.6/commons-io-2.6.jar:/Users/aleck/.m2/repository/org/apache/kerby/kerb-util/2.0.0/kerb-util-2.0.0.jar:/Users/aleck/.m2/repository/org/apache/kerby/token-provider/2.0.0/token-provider-2.0.0.jar:/Users/aleck/.m2/repository/com/nimbusds/nimbus-jose-jwt/4.41.2/nimbus-jose-jwt-4.41.2.jar:/Users/aleck/.m2/repository/com/github/stephenc/jcip/jcip-annotations/1.0-1/jcip-annotations-1.0-1.jar:/Users/aleck/.m2/repository/net/minidev/json-smart/2.3/json-smart-2.3.jar:/Users/aleck/.m2/repository/net/minidev/accessors-smart/1.2/accessors-smart-1.2.jar:/Users/aleck/.m2/repository/org/ow2/asm/asm/5.0.4/asm-5.0.4.jar:/Users/aleck/.m2/repository/org/apache/kerby/kerb-admin/2.0.0/kerb-admin-2.0.0.jar:/Users/aleck/.m2/repository/org/apache/kerby/kerb-server/2.0.0/kerb-server-2.0.0.jar:/Users/aleck/.m2/repository/org/apache/kerby/kerb-identity/2.0.0/kerb-identity-2.0.0.jar:/Users/aleck/.m2/repository/org/apache/kerby/kerby-xdr/2.0.0/kerby-xdr-2.0.0.jar:/Users/aleck/.m2/repository/org/apache/kerby/kerby-config/2.0.0/kerby-config-2.0.0.jar:/Users/aleck/.m2/repository/org/mockito/mockito-core/2.27.0/mockito-core-2.27.0.jar:/Users/aleck/.m2/repository/net/bytebuddy/byte-buddy/1.9.10/byte-buddy-1.9.10.jar:/Users/aleck/.m2/repository/net/bytebuddy/byte-buddy-agent/1.9.10/byte-buddy-agent-1.9.10.jar:/Users/aleck/.m2/repository/org/objenesis/objenesis/2.6/objenesis-2.6.jar:/Users/aleck/.m2/repository/org/jmockit/jmockit/1.48/jmockit-1.48.jar:/Users/aleck/.m2/repository/junit/junit/4.12/junit-4.12.jar:/Users/aleck/.m2/repository/org/hamcrest/hamcrest-core/1.3/hamcrest-core-1.3.jar:/Users/aleck/.m2/repository/org/xerial/snappy/snappy-java/1.1.7/snappy-java-1.1.7.jar:"/>
    <property name="java.vm.vendor" value="Oracle Corporation"/>
    <property name="sun.arch.data.model" value="64"/>
    <property name="java.vendor.url" value="https://openjdk.java.net/"/>
    <property name="os.name" value="Mac OS X"/>
    <property name="java.vm.specification.version" value="15"/>
    <property name="sun.java.launcher" value="SUN_STANDARD"/>
    <property name="user.country" value="CN"/>
    <property name="sun.boot.library.path" value="/usr/local/Cellar/openjdk/15.0.1/libexec/openjdk.jdk/Contents/Home/lib"/>
    <property name="sun.java.command" value="/Users/aleck/go/src/github.com/AleckDarcy/reload/reload/java/zookeeper/3.6.2/zookeeper-server/target/surefire/surefirebooter1564814046892710048.jar /Users/aleck/go/src/github.com/AleckDarcy/reload/reload/java/zookeeper/3.6.2/zookeeper-server/target/surefire 2020-12-21T19-21-54_603-jvmRun8 surefire18433943210564351436tmp surefire_2662282059589279359651tmp"/>
    <property name="jdk.debug" value="release"/>
    <property name="surefire.test.class.path" value="/Users/aleck/go/src/github.com/AleckDarcy/reload/reload/java/zookeeper/3.6.2/zookeeper-server/target/test-classes:/Users/aleck/go/src/github.com/AleckDarcy/reload/reload/java/zookeeper/3.6.2/zookeeper-server/target/classes:/Users/aleck/.m2/repository/com/github/spotbugs/spotbugs-annotations/4.0.2/spotbugs-annotations-4.0.2.jar:/Users/aleck/.m2/repository/com/google/code/findbugs/jsr305/3.0.2/jsr305-3.0.2.jar:/Users/aleck/.m2/repository/org/hamcrest/hamcrest-all/1.3/hamcrest-all-1.3.jar:/Users/aleck/.m2/repository/commons-collections/commons-collections/3.2.2/commons-collections-3.2.2.jar:/Users/aleck/.m2/repository/commons-lang/commons-lang/2.6/commons-lang-2.6.jar:/Users/aleck/go/src/github.com/AleckDarcy/reload/reload/java/zookeeper/3.6.2/zookeeper-jute/target/zookeeper-jute-3.6.2.jar:/Users/aleck/.m2/repository/commons-cli/commons-cli/1.2/commons-cli-1.2.jar:/Users/aleck/.m2/repository/org/apache/yetus/audience-annotations/0.5.0/audience-annotations-0.5.0.jar:/Users/aleck/.m2/repository/io/netty/netty-handler/4.1.50.Final/netty-handler-4.1.50.Final.jar:/Users/aleck/.m2/repository/io/netty/netty-common/4.1.50.Final/netty-common-4.1.50.Final.jar:/Users/aleck/.m2/repository/io/netty/netty-resolver/4.1.50.Final/netty-resolver-4.1.50.Final.jar:/Users/aleck/.m2/repository/io/netty/netty-buffer/4.1.50.Final/netty-buffer-4.1.50.Final.jar:/Users/aleck/.m2/repository/io/netty/netty-transport/4.1.50.Final/netty-transport-4.1.50.Final.jar:/Users/aleck/.m2/repository/io/netty/netty-codec/4.1.50.Final/netty-codec-4.1.50.Final.jar:/Users/aleck/.m2/repository/io/netty/netty-transport-native-epoll/4.1.50.Final/netty-transport-native-epoll-4.1.50.Final.jar:/Users/aleck/.m2/repository/io/netty/netty-transport-native-unix-common/4.1.50.Final/netty-transport-native-unix-common-4.1.50.Final.jar:/Users/aleck/.m2/repository/org/slf4j/slf4j-api/1.7.25/slf4j-api-1.7.25.jar:/Users/aleck/.m2/repository/org/slf4j/slf4j-log4j12/1.7.25/slf4j-log4j12-1.7.25.jar:/Users/aleck/.m2/repository/org/eclipse/jetty/jetty-server/9.4.24.v20191120/jetty-server-9.4.24.v20191120.jar:/Users/aleck/.m2/repository/javax/servlet/javax.servlet-api/3.1.0/javax.servlet-api-3.1.0.jar:/Users/aleck/.m2/repository/org/eclipse/jetty/jetty-http/9.4.24.v20191120/jetty-http-9.4.24.v20191120.jar:/Users/aleck/.m2/repository/org/eclipse/jetty/jetty-util/9.4.24.v20191120/jetty-util-9.4.24.v20191120.jar:/Users/aleck/.m2/repository/org/eclipse/jetty/jetty-io/9.4.24.v20191120/jetty-io-9.4.24.v20191120.jar:/Users/aleck/.m2/repository/org/eclipse/jetty/jetty-servlet/9.4.24.v20191120/jetty-servlet-9.4.24.v20191120.jar:/Users/aleck/.m2/repository/org/eclipse/jetty/jetty-security/9.4.24.v20191120/jetty-security-9.4.24.v20191120.jar:/Users/aleck/.m2/repository/com/fasterxml/jackson/core/jackson-databind/2.10.3/jackson-databind-2.10.3.jar:/Users/aleck/.m2/repository/com/fasterxml/jackson/core/jackson-annotations/2.10.3/jackson-annotations-2.10.3.jar:/Users/aleck/.m2/repository/com/fasterxml/jackson/core/jackson-core/2.10.3/jackson-core-2.10.3.jar:/Users/aleck/.m2/repository/com/googlecode/json-simple/json-simple/1.1.1/json-simple-1.1.1.jar:/Users/aleck/.m2/repository/org/bouncycastle/bcprov-jdk15on/1.60/bcprov-jdk15on-1.60.jar:/Users/aleck/.m2/repository/org/bouncycastle/bcpkix-jdk15on/1.60/bcpkix-jdk15on-1.60.jar:/Users/aleck/.m2/repository/jline/jline/2.14.6/jline-2.14.6.jar:/Users/aleck/.m2/repository/io/dropwizard/metrics/metrics-core/3.2.5/metrics-core-3.2.5.jar:/Users/aleck/.m2/repository/log4j/log4j/1.2.17/log4j-1.2.17.jar:/Users/aleck/.m2/repository/org/apache/kerby/kerb-core/2.0.0/kerb-core-2.0.0.jar:/Users/aleck/.m2/repository/org/apache/kerby/kerby-pkix/2.0.0/kerby-pkix-2.0.0.jar:/Users/aleck/.m2/repository/org/apache/kerby/kerby-asn1/2.0.0/kerby-asn1-2.0.0.jar:/Users/aleck/.m2/repository/org/apache/kerby/kerby-util/2.0.0/kerby-util-2.0.0.jar:/Users/aleck/.m2/repository/org/apache/kerby/kerb-simplekdc/2.0.0/kerb-simplekdc-2.0.0.jar:/Users/aleck/.m2/repository/org/apache/kerby/kerb-client/2.0.0/kerb-client-2.0.0.jar:/Users/aleck/.m2/repository/org/apache/kerby/kerb-common/2.0.0/kerb-common-2.0.0.jar:/Users/aleck/.m2/repository/org/apache/kerby/kerb-crypto/2.0.0/kerb-crypto-2.0.0.jar:/Users/aleck/.m2/repository/commons-io/commons-io/2.6/commons-io-2.6.jar:/Users/aleck/.m2/repository/org/apache/kerby/kerb-util/2.0.0/kerb-util-2.0.0.jar:/Users/aleck/.m2/repository/org/apache/kerby/token-provider/2.0.0/token-provider-2.0.0.jar:/Users/aleck/.m2/repository/com/nimbusds/nimbus-jose-jwt/4.41.2/nimbus-jose-jwt-4.41.2.jar:/Users/aleck/.m2/repository/com/github/stephenc/jcip/jcip-annotations/1.0-1/jcip-annotations-1.0-1.jar:/Users/aleck/.m2/repository/net/minidev/json-smart/2.3/json-smart-2.3.jar:/Users/aleck/.m2/repository/net/minidev/accessors-smart/1.2/accessors-smart-1.2.jar:/Users/aleck/.m2/repository/org/ow2/asm/asm/5.0.4/asm-5.0.4.jar:/Users/aleck/.m2/repository/org/apache/kerby/kerb-admin/2.0.0/kerb-admin-2.0.0.jar:/Users/aleck/.m2/repository/org/apache/kerby/kerb-server/2.0.0/kerb-server-2.0.0.jar:/Users/aleck/.m2/repository/org/apache/kerby/kerb-identity/2.0.0/kerb-identity-2.0.0.jar:/Users/aleck/.m2/repository/org/apache/kerby/kerby-xdr/2.0.0/kerby-xdr-2.0.0.jar:/Users/aleck/.m2/repository/org/apache/kerby/kerby-config/2.0.0/kerby-config-2.0.0.jar:/Users/aleck/.m2/repository/org/mockito/mockito-core/2.27.0/mockito-core-2.27.0.jar:/Users/aleck/.m2/repository/net/bytebuddy/byte-buddy/1.9.10/byte-buddy-1.9.10.jar:/Users/aleck/.m2/repository/net/bytebuddy/byte-buddy-agent/1.9.10/byte-buddy-agent-1.9.10.jar:/Users/aleck/.m2/repository/org/objenesis/objenesis/2.6/objenesis-2.6.jar:/Users/aleck/.m2/repository/org/jmockit/jmockit/1.48/jmockit-1.48.jar:/Users/aleck/.m2/repository/junit/junit/4.12/junit-4.12.jar:/Users/aleck/.m2/repository/org/hamcrest/hamcrest-core/1.3/hamcrest-core-1.3.jar:/Users/aleck/.m2/repository/org/xerial/snappy/snappy-java/1.1.7/snappy-java-1.1.7.jar:"/>
    <property name="sun.cpu.endian" value="little"/>
    <property name="user.home" value="/Users/aleck"/>
    <property name="user.language" value="en"/>
    <property name="java.specification.vendor" value="Oracle Corporation"/>
    <property name="java.version.date" value="2020-10-20"/>
    <property name="java.home" value="/usr/local/Cellar/openjdk/15.0.1/libexec/openjdk.jdk/Contents/Home"/>
    <property name="zookeeper.DigestAuthenticationProvider.superDigest" value="super:D/InIHSb7yEEbrWz8b9l71RjZJU="/>
    <property name="file.separator" value="/"/>
    <property name="basedir" value="/Users/aleck/go/src/github.com/AleckDarcy/reload/reload/java/zookeeper/3.6.2/zookeeper-server"/>
    <property name="java.vm.compressedOopsMode" value="Zero based"/>
    <property name="line.separator" value="&#10;"/>
    <property name="java.specification.name" value="Java Platform API Specification"/>
    <property name="java.vm.specification.vendor" value="Oracle Corporation"/>
    <property name="test.junit.threads" value="8"/>
    <property name="surefire.real.class.path" value="/Users/aleck/go/src/github.com/AleckDarcy/reload/reload/java/zookeeper/3.6.2/zookeeper-server/target/surefire/surefirebooter1564814046892710048.jar"/>
    <property name="zookeeper.junit.threadid" value="8"/>
    <property name="sun.management.compiler" value="HotSpot 64-Bit Tiered Compilers"/>
    <property name="java.runtime.version" value="15.0.1+9"/>
    <property name="user.name" value="aleck"/>
    <property name="path.separator" value=":"/>
    <property name="os.version" value="11.1"/>
    <property name="java.runtime.name" value="OpenJDK Runtime Environment"/>
    <property name="file.encoding" value="UTF-8"/>
    <property name="java.vm.name" value="OpenJDK 64-Bit Server VM"/>
    <property name="localRepository" value="/Users/aleck/.m2/repository"/>
    <property name="java.vendor.url.bug" value="https://bugreport.java.com/bugreport/"/>
    <property name="java.io.tmpdir" value="/var/folders/_1/3xdp_mt923b81d6gg86gq91w0000gn/T/"/>
    <property name="java.version" value="15.0.1"/>
    <property name="user.dir" value="/Users/aleck/go/src/github.com/AleckDarcy/reload/reload/java/zookeeper/3.6.2/zookeeper-server"/>
    <property name="os.arch" value="x86_64"/>
    <property name="java.vm.specification.name" value="Java Virtual Machine Specification"/>
    <property name="java.library.path" value="/Users/aleck/Library/Java/Extensions:/Library/Java/Extensions:/Network/Library/Java/Extensions:/System/Library/Java/Extensions:/usr/lib/java:."/>
    <property name="java.vm.info" value="mixed mode, sharing"/>
    <property name="java.vendor" value="N/A"/>
    <property name="java.vm.version" value="15.0.1+9"/>
    <property name="sun.io.unicode.encoding" value="UnicodeBig"/>
    <property name="java.class.version" value="59.0"/>
    <property name="maven.test.failure.ignore" value="true"/>
  </properties>
  <testcase name="testLoadPEMTrustStoreNullPassword[0]" classname="org.apache.zookeeper.common.X509UtilTest" time="0.568"/>
  <testcase name="testCreateSSLContextWithoutKeyStorePassword[0]" classname="org.apache.zookeeper.common.X509UtilTest" time="0.003"/>
  <testcase name="testLoadPKCS12TrustStore[0]" classname="org.apache.zookeeper.common.X509UtilTest" time="0.173"/>
  <testcase name="testLoadPKCS12TrustStoreWithWrongPassword[0]" classname="org.apache.zookeeper.common.X509UtilTest" time="0.036"/>
  <testcase name="testClientRenegotiationFails[0]" classname="org.apache.zookeeper.common.X509UtilTest" time="0.557"/>
  <testcase name="testCRLEnabled[0]" classname="org.apache.zookeeper.common.X509UtilTest" time="0.134"/>
  <testcase name="testCreateSSLContextWithoutKeyStoreLocation[0]" classname="org.apache.zookeeper.common.X509UtilTest" time="0.064"/>
  <testcase name="testLoadPKCS12KeyStore[0]" classname="org.apache.zookeeper.common.X509UtilTest" time="0.19"/>
  <testcase name="testLoadJKSTrustStoreWithWrongPassword[0]" classname="org.apache.zookeeper.common.X509UtilTest" time="0.036"/>
  <testcase name="testLoadPKCS12TrustStoreAutodetectStoreFileType[0]" classname="org.apache.zookeeper.common.X509UtilTest" time="0.069"/>
  <testcase name="testCreateSSLServerSocketWithPort[0]" classname="org.apache.zookeeper.common.X509UtilTest" time="0.129"/>
  <testcase name="testCreateSSLContextWithCustomCipherSuites[0]" classname="org.apache.zookeeper.common.X509UtilTest" time="0.133"/>
  <testcase name="testCRLDisabled[0]" classname="org.apache.zookeeper.common.X509UtilTest" time="0.134"/>
  <testcase name="testCreateSSLContext_invalidCustomSSLContextClass[0]" classname="org.apache.zookeeper.common.X509UtilTest" time="0.001"/>
  <testcase name="testCreateSSLContextWithoutCustomProtocol[0]" classname="org.apache.zookeeper.common.X509UtilTest" time="0.138"/>
  <testcase name="testOCSPEnabled[0]" classname="org.apache.zookeeper.common.X509UtilTest" time="0.122"/>
  <testcase name="testGetDefaultCipherSuitesJava8[0]" classname="org.apache.zookeeper.common.X509UtilTest" time="0.001"/>
  <testcase name="testGetDefaultCipherSuitesJava9[0]" classname="org.apache.zookeeper.common.X509UtilTest" time="0"/>
  <testcase name="testLoadJKSKeyStoreNullPassword[0]" classname="org.apache.zookeeper.common.X509UtilTest" time="0.059"/>
  <testcase name="testLoadJKSKeyStoreAutodetectStoreFileType[0]" classname="org.apache.zookeeper.common.X509UtilTest" time="0.063"/>
  <testcase name="testCreateSSLContext_validCustomSSLContextClass[0]" classname="org.apache.zookeeper.common.X509UtilTest" time="0.009"/>
  <testcase name="testLoadPEMTrustStoreAutodetectStoreFileType[0]" classname="org.apache.zookeeper.common.X509UtilTest" time="0.008"/>
  <testcase name="testLoadJKSKeyStore[0]" classname="org.apache.zookeeper.common.X509UtilTest" time="0.064"/>
  <testcase name="testLoadJKSTrustStoreNullPassword[0]" classname="org.apache.zookeeper.common.X509UtilTest" time="0.06"/>
  <testcase name="testLoadJKSTrustStoreAutodetectStoreFileType[0]" classname="org.apache.zookeeper.common.X509UtilTest" time="0.063"/>
  <testcase name="testCreateSSLContextWithCustomProtocol[0]" classname="org.apache.zookeeper.common.X509UtilTest" time="0.118"/>
  <testcase name="testLoadJKSKeyStoreWithWrongPassword[0]" classname="org.apache.zookeeper.common.X509UtilTest" time="0.032"/>
  <testcase name="testLoadPKCS12TrustStoreNullPassword[0]" classname="org.apache.zookeeper.common.X509UtilTest" time="0.06"/>
  <testcase name="testGetDefaultCipherSuitesUnknownVersion[0]" classname="org.apache.zookeeper.common.X509UtilTest" time="0"/>
  <testcase name="testGetSslHandshakeDetectionTimeoutMillisProperty[0]" classname="org.apache.zookeeper.common.X509UtilTest" time="0.474"/>
  <testcase name="testLoadPKCS12KeyStoreAutodetectStoreFileType[0]" classname="org.apache.zookeeper.common.X509UtilTest" time="0.061"/>
  <testcase name="testCreateSSLSocket[0]" classname="org.apache.zookeeper.common.X509UtilTest" time="0.125"/>
  <testcase name="testLoadPEMTrustStore[0]" classname="org.apache.zookeeper.common.X509UtilTest" time="0.008"/>
  <testcase name="testGetDefaultCipherSuitesJava10[0]" classname="org.apache.zookeeper.common.X509UtilTest" time="0"/>
  <testcase name="testGetDefaultCipherSuitesJava11[0]" classname="org.apache.zookeeper.common.X509UtilTest" time="0.001"/>
  <testcase name="testLoadPEMKeyStoreNullPassword[0]" classname="org.apache.zookeeper.common.X509UtilTest" time="0.004"/>
  <testcase name="testLoadPEMKeyStoreAutodetectStoreFileType[0]" classname="org.apache.zookeeper.common.X509UtilTest" time="0.001"/>
  <testcase name="testLoadJKSTrustStore[0]" classname="org.apache.zookeeper.common.X509UtilTest" time="0.057"/>
  <testcase name="testLoadPEMKeyStore[0]" classname="org.apache.zookeeper.common.X509UtilTest" time="0.001"/>
  <testcase name="testLoadPKCS12KeyStoreWithWrongPassword[0]" classname="org.apache.zookeeper.common.X509UtilTest" time="0.03"/>
  <testcase name="testLoadPEMKeyStoreWithWrongPassword[0]" classname="org.apache.zookeeper.common.X509UtilTest" time="0.001"/>
  <testcase name="testCreateSSLServerSocketWithoutPort[0]" classname="org.apache.zookeeper.common.X509UtilTest" time="0.114"/>
  <testcase name="testGetDefaultCipherSuitesNullVersion[0]" classname="org.apache.zookeeper.common.X509UtilTest" time="0.001"/>
  <testcase name="testLoadPKCS12KeyStoreNullPassword[0]" classname="org.apache.zookeeper.common.X509UtilTest" time="0.057"/>
  <testcase name="testLoadPEMTrustStoreNullPassword[1]" classname="org.apache.zookeeper.common.X509UtilTest" time="0.159"/>
  <testcase name="testCreateSSLContextWithoutKeyStorePassword[1]" classname="org.apache.zookeeper.common.X509UtilTest" time="0.06"/>
  <testcase name="testLoadPKCS12TrustStore[1]" classname="org.apache.zookeeper.common.X509UtilTest" time="0.115"/>
  <testcase name="testLoadPKCS12TrustStoreWithWrongPassword[1]" classname="org.apache.zookeeper.common.X509UtilTest" time="0.031"/>
  <testcase name="testClientRenegotiationFails[1]" classname="org.apache.zookeeper.common.X509UtilTest" time="0.236"/>
  <testcase name="testCRLEnabled[1]" classname="org.apache.zookeeper.common.X509UtilTest" time="0.134"/>
  <testcase name="testCreateSSLContextWithoutKeyStoreLocation[1]" classname="org.apache.zookeeper.common.X509UtilTest" time="0.067"/>
  <testcase name="testLoadPKCS12KeyStore[1]" classname="org.apache.zookeeper.common.X509UtilTest" time="0.178"/>
  <testcase name="testLoadJKSTrustStoreWithWrongPassword[1]" classname="org.apache.zookeeper.common.X509UtilTest" time="0.031"/>
  <testcase name="testLoadPKCS12TrustStoreAutodetectStoreFileType[1]" classname="org.apache.zookeeper.common.X509UtilTest" time="0.06"/>
  <testcase name="testCreateSSLServerSocketWithPort[1]" classname="org.apache.zookeeper.common.X509UtilTest" time="0.12"/>
  <testcase name="testCreateSSLContextWithCustomCipherSuites[1]" classname="org.apache.zookeeper.common.X509UtilTest" time="0.123"/>
  <testcase name="testCRLDisabled[1]" classname="org.apache.zookeeper.common.X509UtilTest" time="0.141"/>
  <testcase name="testCreateSSLContext_invalidCustomSSLContextClass[1]" classname="org.apache.zookeeper.common.X509UtilTest" time="0.001"/>
  <testcase name="testCreateSSLContextWithoutCustomProtocol[1]" classname="org.apache.zookeeper.common.X509UtilTest" time="0.126"/>
  <testcase name="testOCSPEnabled[1]" classname="org.apache.zookeeper.common.X509UtilTest" time="0.118"/>
  <testcase name="testGetDefaultCipherSuitesJava8[1]" classname="org.apache.zookeeper.common.X509UtilTest" time="0.001"/>
  <testcase name="testGetDefaultCipherSuitesJava9[1]" classname="org.apache.zookeeper.common.X509UtilTest" time="0"/>
  <testcase name="testLoadJKSKeyStoreNullPassword[1]" classname="org.apache.zookeeper.common.X509UtilTest" time="0"/>
  <testcase name="testLoadJKSKeyStoreAutodetectStoreFileType[1]" classname="org.apache.zookeeper.common.X509UtilTest" time="0.064"/>
  <testcase name="testCreateSSLContext_validCustomSSLContextClass[1]" classname="org.apache.zookeeper.common.X509UtilTest" time="0.001"/>
  <testcase name="testLoadPEMTrustStoreAutodetectStoreFileType[1]" classname="org.apache.zookeeper.common.X509UtilTest" time="0.002"/>
  <testcase name="testLoadJKSKeyStore[1]" classname="org.apache.zookeeper.common.X509UtilTest" time="0.067"/>
  <testcase name="testLoadJKSTrustStoreNullPassword[1]" classname="org.apache.zookeeper.common.X509UtilTest" time="0"/>
  <testcase name="testLoadJKSTrustStoreAutodetectStoreFileType[1]" classname="org.apache.zookeeper.common.X509UtilTest" time="0.065"/>
  <testcase name="testCreateSSLContextWithCustomProtocol[1]" classname="org.apache.zookeeper.common.X509UtilTest" time="0.125"/>
  <testcase name="testLoadJKSKeyStoreWithWrongPassword[1]" classname="org.apache.zookeeper.common.X509UtilTest" time="0.031"/>
  <testcase name="testLoadPKCS12TrustStoreNullPassword[1]" classname="org.apache.zookeeper.common.X509UtilTest" time="0.001"/>
  <testcase name="testGetDefaultCipherSuitesUnknownVersion[1]" classname="org.apache.zookeeper.common.X509UtilTest" time="0"/>
  <testcase name="testGetSslHandshakeDetectionTimeoutMillisProperty[1]" classname="org.apache.zookeeper.common.X509UtilTest" time="0.494"/>
  <testcase name="testLoadPKCS12KeyStoreAutodetectStoreFileType[1]" classname="org.apache.zookeeper.common.X509UtilTest" time="0.06"/>
  <testcase name="testCreateSSLSocket[1]" classname="org.apache.zookeeper.common.X509UtilTest" time="0.133"/>
  <testcase name="testLoadPEMTrustStore[1]" classname="org.apache.zookeeper.common.X509UtilTest" time="0.001"/>
  <testcase name="testGetDefaultCipherSuitesJava10[1]" classname="org.apache.zookeeper.common.X509UtilTest" time="0"/>
  <testcase name="testGetDefaultCipherSuitesJava11[1]" classname="org.apache.zookeeper.common.X509UtilTest" time="0"/>
  <testcase name="testLoadPEMKeyStoreNullPassword[1]" classname="org.apache.zookeeper.common.X509UtilTest" time="0.001"/>
  <testcase name="testLoadPEMKeyStoreAutodetectStoreFileType[1]" classname="org.apache.zookeeper.common.X509UtilTest" time="0.039"/>
  <testcase name="testLoadJKSTrustStore[1]" classname="org.apache.zookeeper.common.X509UtilTest" time="0.077"/>
  <testcase name="testLoadPEMKeyStore[1]" classname="org.apache.zookeeper.common.X509UtilTest" time="0.004"/>
  <testcase name="testLoadPKCS12KeyStoreWithWrongPassword[1]" classname="org.apache.zookeeper.common.X509UtilTest" time="0.054"/>
  <testcase name="testLoadPEMKeyStoreWithWrongPassword[1]" classname="org.apache.zookeeper.common.X509UtilTest" time="0.004"/>
  <testcase name="testCreateSSLServerSocketWithoutPort[1]" classname="org.apache.zookeeper.common.X509UtilTest" time="0.118"/>
  <testcase name="testGetDefaultCipherSuitesNullVersion[1]" classname="org.apache.zookeeper.common.X509UtilTest" time="0"/>
  <testcase name="testLoadPKCS12KeyStoreNullPassword[1]" classname="org.apache.zookeeper.common.X509UtilTest" time="0.001"/>
  <testcase name="testLoadPEMTrustStoreNullPassword[2]" classname="org.apache.zookeeper.common.X509UtilTest" time="0.167"/>
  <testcase name="testCreateSSLContextWithoutKeyStorePassword[2]" classname="org.apache.zookeeper.common.X509UtilTest" time="0"/>
  <testcase name="testLoadPKCS12TrustStore[2]" classname="org.apache.zookeeper.common.X509UtilTest" time="0.137"/>
  <testcase name="testLoadPKCS12TrustStoreWithWrongPassword[2]" classname="org.apache.zookeeper.common.X509UtilTest" time="0.032"/>
  <testcase name="testClientRenegotiationFails[2]" classname="org.apache.zookeeper.common.X509UtilTest" time="0.257"/>
  <testcase name="testCRLEnabled[2]" classname="org.apache.zookeeper.common.X509UtilTest" time="0.127"/>
  <testcase name="testCreateSSLContextWithoutKeyStoreLocation[2]" classname="org.apache.zookeeper.common.X509UtilTest" time="0.083"/>
  <testcase name="testLoadPKCS12KeyStore[2]" classname="org.apache.zookeeper.common.X509UtilTest" time="0.163"/>
  <testcase name="testLoadJKSTrustStoreWithWrongPassword[2]" classname="org.apache.zookeeper.common.X509UtilTest" time="0.029"/>
  <testcase name="testLoadPKCS12TrustStoreAutodetectStoreFileType[2]" classname="org.apache.zookeeper.common.X509UtilTest" time="0.058"/>
  <testcase name="testCreateSSLServerSocketWithPort[2]" classname="org.apache.zookeeper.common.X509UtilTest" time="0.118"/>
  <testcase name="testCreateSSLContextWithCustomCipherSuites[2]" classname="org.apache.zookeeper.common.X509UtilTest" time="0.115"/>
  <testcase name="testCRLDisabled[2]" classname="org.apache.zookeeper.common.X509UtilTest" time="0.118"/>
  <testcase name="testCreateSSLContext_invalidCustomSSLContextClass[2]" classname="org.apache.zookeeper.common.X509UtilTest" time="0.001"/>
  <testcase name="testCreateSSLContextWithoutCustomProtocol[2]" classname="org.apache.zookeeper.common.X509UtilTest" time="0.117"/>
  <testcase name="testOCSPEnabled[2]" classname="org.apache.zookeeper.common.X509UtilTest" time="0.123"/>
  <testcase name="testGetDefaultCipherSuitesJava8[2]" classname="org.apache.zookeeper.common.X509UtilTest" time="0"/>
  <testcase name="testGetDefaultCipherSuitesJava9[2]" classname="org.apache.zookeeper.common.X509UtilTest" time="0.001"/>
  <testcase name="testLoadJKSKeyStoreNullPassword[2]" classname="org.apache.zookeeper.common.X509UtilTest" time="0.061"/>
  <testcase name="testLoadJKSKeyStoreAutodetectStoreFileType[2]" classname="org.apache.zookeeper.common.X509UtilTest" time="0.062"/>
  <testcase name="testCreateSSLContext_validCustomSSLContextClass[2]" classname="org.apache.zookeeper.common.X509UtilTest" time="0"/>
  <testcase name="testLoadPEMTrustStoreAutodetectStoreFileType[2]" classname="org.apache.zookeeper.common.X509UtilTest" time="0.001"/>
  <testcase name="testLoadJKSKeyStore[2]" classname="org.apache.zookeeper.common.X509UtilTest" time="0.06"/>
  <testcase name="testLoadJKSTrustStoreNullPassword[2]" classname="org.apache.zookeeper.common.X509UtilTest" time="0.072"/>
  <testcase name="testLoadJKSTrustStoreAutodetectStoreFileType[2]" classname="org.apache.zookeeper.common.X509UtilTest" time="0.068"/>
  <testcase name="testCreateSSLContextWithCustomProtocol[2]" classname="org.apache.zookeeper.common.X509UtilTest" time="0.136"/>
  <testcase name="testLoadJKSKeyStoreWithWrongPassword[2]" classname="org.apache.zookeeper.common.X509UtilTest" time="0.038"/>
  <testcase name="testLoadPKCS12TrustStoreNullPassword[2]" classname="org.apache.zookeeper.common.X509UtilTest" time="0.072"/>
  <testcase name="testGetDefaultCipherSuitesUnknownVersion[2]" classname="org.apache.zookeeper.common.X509UtilTest" time="0"/>
  <testcase name="testGetSslHandshakeDetectionTimeoutMillisProperty[2]" classname="org.apache.zookeeper.common.X509UtilTest" time="0.481"/>
  <testcase name="testLoadPKCS12KeyStoreAutodetectStoreFileType[2]" classname="org.apache.zookeeper.common.X509UtilTest" time="0.067"/>
  <testcase name="testCreateSSLSocket[2]" classname="org.apache.zookeeper.common.X509UtilTest" time="0.122"/>
  <testcase name="testLoadPEMTrustStore[2]" classname="org.apache.zookeeper.common.X509UtilTest" time="0.001"/>
  <testcase name="testGetDefaultCipherSuitesJava10[2]" classname="org.apache.zookeeper.common.X509UtilTest" time="0"/>
  <testcase name="testGetDefaultCipherSuitesJava11[2]" classname="org.apache.zookeeper.common.X509UtilTest" time="0.001"/>
  <testcase name="testLoadPEMKeyStoreNullPassword[2]" classname="org.apache.zookeeper.common.X509UtilTest" time="0.004"/>
  <testcase name="testLoadPEMKeyStoreAutodetectStoreFileType[2]" classname="org.apache.zookeeper.common.X509UtilTest" time="0.001"/>
  <testcase name="testLoadJKSTrustStore[2]" classname="org.apache.zookeeper.common.X509UtilTest" time="0.09"/>
  <testcase name="testLoadPEMKeyStore[2]" classname="org.apache.zookeeper.common.X509UtilTest" time="0.075"/>
  <testcase name="testLoadPKCS12KeyStoreWithWrongPassword[2]" classname="org.apache.zookeeper.common.X509UtilTest" time="0.051"/>
  <testcase name="testLoadPEMKeyStoreWithWrongPassword[2]" classname="org.apache.zookeeper.common.X509UtilTest" time="0.038"/>
  <testcase name="testCreateSSLServerSocketWithoutPort[2]" classname="org.apache.zookeeper.common.X509UtilTest" time="0.191"/>
  <testcase name="testGetDefaultCipherSuitesNullVersion[2]" classname="org.apache.zookeeper.common.X509UtilTest" time="0"/>
  <testcase name="testLoadPKCS12KeyStoreNullPassword[2]" classname="org.apache.zookeeper.common.X509UtilTest" time="0.083"/>
  <testcase name="testLoadPEMTrustStoreNullPassword[3]" classname="org.apache.zookeeper.common.X509UtilTest" time="0.22"/>
  <testcase name="testCreateSSLContextWithoutKeyStorePassword[3]" classname="org.apache.zookeeper.common.X509UtilTest" time="0.084"/>
  <testcase name="testLoadPKCS12TrustStore[3]" classname="org.apache.zookeeper.common.X509UtilTest" time="0.148"/>
  <testcase name="testLoadPKCS12TrustStoreWithWrongPassword[3]" classname="org.apache.zookeeper.common.X509UtilTest" time="0.029"/>
  <testcase name="testClientRenegotiationFails[3]" classname="org.apache.zookeeper.common.X509UtilTest" time="0.249"/>
  <testcase name="testCRLEnabled[3]" classname="org.apache.zookeeper.common.X509UtilTest" time="0.129"/>
  <testcase name="testCreateSSLContextWithoutKeyStoreLocation[3]" classname="org.apache.zookeeper.common.X509UtilTest" time="0.066"/>
  <testcase name="testLoadPKCS12KeyStore[3]" classname="org.apache.zookeeper.common.X509UtilTest" time="0.207"/>
  <testcase name="testLoadJKSTrustStoreWithWrongPassword[3]" classname="org.apache.zookeeper.common.X509UtilTest" time="0.032"/>
  <testcase name="testLoadPKCS12TrustStoreAutodetectStoreFileType[3]" classname="org.apache.zookeeper.common.X509UtilTest" time="0.062"/>
  <testcase name="testCreateSSLServerSocketWithPort[3]" classname="org.apache.zookeeper.common.X509UtilTest" time="0.128"/>
  <testcase name="testCreateSSLContextWithCustomCipherSuites[3]" classname="org.apache.zookeeper.common.X509UtilTest" time="0.122"/>
  <testcase name="testCRLDisabled[3]" classname="org.apache.zookeeper.common.X509UtilTest" time="0.121"/>
  <testcase name="testCreateSSLContext_invalidCustomSSLContextClass[3]" classname="org.apache.zookeeper.common.X509UtilTest" time="0"/>
  <testcase name="testCreateSSLContextWithoutCustomProtocol[3]" classname="org.apache.zookeeper.common.X509UtilTest" time="0.128"/>
  <testcase name="testOCSPEnabled[3]" classname="org.apache.zookeeper.common.X509UtilTest" time="0.14"/>
  <testcase name="testGetDefaultCipherSuitesJava8[3]" classname="org.apache.zookeeper.common.X509UtilTest" time="0"/>
  <testcase name="testGetDefaultCipherSuitesJava9[3]" classname="org.apache.zookeeper.common.X509UtilTest" time="0"/>
  <testcase name="testLoadJKSKeyStoreNullPassword[3]" classname="org.apache.zookeeper.common.X509UtilTest" time="0.001"/>
  <testcase name="testLoadJKSKeyStoreAutodetectStoreFileType[3]" classname="org.apache.zookeeper.common.X509UtilTest" time="0.064"/>
  <testcase name="testCreateSSLContext_validCustomSSLContextClass[3]" classname="org.apache.zookeeper.common.X509UtilTest" time="0"/>
  <testcase name="testLoadPEMTrustStoreAutodetectStoreFileType[3]" classname="org.apache.zookeeper.common.X509UtilTest" time="0.002"/>
  <testcase name="testLoadJKSKeyStore[3]" classname="org.apache.zookeeper.common.X509UtilTest" time="0.061"/>
  <testcase name="testLoadJKSTrustStoreNullPassword[3]" classname="org.apache.zookeeper.common.X509UtilTest" time="0"/>
  <testcase name="testLoadJKSTrustStoreAutodetectStoreFileType[3]" classname="org.apache.zookeeper.common.X509UtilTest" time="0.063"/>
  <testcase name="testCreateSSLContextWithCustomProtocol[3]" classname="org.apache.zookeeper.common.X509UtilTest" time="0.122"/>
  <testcase name="testLoadJKSKeyStoreWithWrongPassword[3]" classname="org.apache.zookeeper.common.X509UtilTest" time="0.033"/>
  <testcase name="testLoadPKCS12TrustStoreNullPassword[3]" classname="org.apache.zookeeper.common.X509UtilTest" time="0.001"/>
  <testcase name="testGetDefaultCipherSuitesUnknownVersion[3]" classname="org.apache.zookeeper.common.X509UtilTest" time="0"/>
  <testcase name="testGetSslHandshakeDetectionTimeoutMillisProperty[3]" classname="org.apache.zookeeper.common.X509UtilTest" time="0.525"/>
  <testcase name="testLoadPKCS12KeyStoreAutodetectStoreFileType[3]" classname="org.apache.zookeeper.common.X509UtilTest" time="0.072"/>
  <testcase name="testCreateSSLSocket[3]" classname="org.apache.zookeeper.common.X509UtilTest" time="0.164"/>
  <testcase name="testLoadPEMTrustStore[3]" classname="org.apache.zookeeper.common.X509UtilTest" time="0.001"/>
  <testcase name="testGetDefaultCipherSuitesJava10[3]" classname="org.apache.zookeeper.common.X509UtilTest" time="0.001"/>
  <testcase name="testGetDefaultCipherSuitesJava11[3]" classname="org.apache.zookeeper.common.X509UtilTest" time="0"/>
  <testcase name="testLoadPEMKeyStoreNullPassword[3]" classname="org.apache.zookeeper.common.X509UtilTest" time="0.001"/>
  <testcase name="testLoadPEMKeyStoreAutodetectStoreFileType[3]" classname="org.apache.zookeeper.common.X509UtilTest" time="0.021"/>
  <testcase name="testLoadJKSTrustStore[3]" classname="org.apache.zookeeper.common.X509UtilTest" time="0.081"/>
  <testcase name="testLoadPEMKeyStore[3]" classname="org.apache.zookeeper.common.X509UtilTest" time="0.004"/>
  <testcase name="testLoadPKCS12KeyStoreWithWrongPassword[3]" classname="org.apache.zookeeper.common.X509UtilTest" time="0.039"/>
  <testcase name="testLoadPEMKeyStoreWithWrongPassword[3]" classname="org.apache.zookeeper.common.X509UtilTest" time="0.004"/>
  <testcase name="testCreateSSLServerSocketWithoutPort[3]" classname="org.apache.zookeeper.common.X509UtilTest" time="0.15"/>
  <testcase name="testGetDefaultCipherSuitesNullVersion[3]" classname="org.apache.zookeeper.common.X509UtilTest" time="0.001"/>
  <testcase name="testLoadPKCS12KeyStoreNullPassword[3]" classname="org.apache.zookeeper.common.X509UtilTest" time="0"/>
  <testcase name="testLoadPEMTrustStoreNullPassword[4]" classname="org.apache.zookeeper.common.X509UtilTest" time="0.213"/>
  <testcase name="testCreateSSLContextWithoutKeyStorePassword[4]" classname="org.apache.zookeeper.common.X509UtilTest" time="0.002"/>
  <testcase name="testLoadPKCS12TrustStore[4]" classname="org.apache.zookeeper.common.X509UtilTest" time="0.128"/>
  <testcase name="testLoadPKCS12TrustStoreWithWrongPassword[4]" classname="org.apache.zookeeper.common.X509UtilTest" time="0.051"/>
  <testcase name="testClientRenegotiationFails[4]" classname="org.apache.zookeeper.common.X509UtilTest" time="0.297"/>
  <testcase name="testCRLEnabled[4]" classname="org.apache.zookeeper.common.X509UtilTest" time="0.138"/>
  <testcase name="testCreateSSLContextWithoutKeyStoreLocation[4]" classname="org.apache.zookeeper.common.X509UtilTest" time="0.059"/>
  <testcase name="testLoadPKCS12KeyStore[4]" classname="org.apache.zookeeper.common.X509UtilTest" time="0.228"/>
  <testcase name="testLoadJKSTrustStoreWithWrongPassword[4]" classname="org.apache.zookeeper.common.X509UtilTest" time="0.073"/>
  <testcase name="testLoadPKCS12TrustStoreAutodetectStoreFileType[4]" classname="org.apache.zookeeper.common.X509UtilTest" time="0.073"/>
  <testcase name="testCreateSSLServerSocketWithPort[4]" classname="org.apache.zookeeper.common.X509UtilTest" time="0.15"/>
  <testcase name="testCreateSSLContextWithCustomCipherSuites[4]" classname="org.apache.zookeeper.common.X509UtilTest" time="0.138"/>
  <testcase name="testCRLDisabled[4]" classname="org.apache.zookeeper.common.X509UtilTest" time="0.117"/>
  <testcase name="testCreateSSLContext_invalidCustomSSLContextClass[4]" classname="org.apache.zookeeper.common.X509UtilTest" time="0.001"/>
  <testcase name="testCreateSSLContextWithoutCustomProtocol[4]" classname="org.apache.zookeeper.common.X509UtilTest" time="0.133"/>
  <testcase name="testOCSPEnabled[4]" classname="org.apache.zookeeper.common.X509UtilTest" time="0.184"/>
  <testcase name="testGetDefaultCipherSuitesJava8[4]" classname="org.apache.zookeeper.common.X509UtilTest" time="0.001"/>
  <testcase name="testGetDefaultCipherSuitesJava9[4]" classname="org.apache.zookeeper.common.X509UtilTest" time="0"/>
  <testcase name="testLoadJKSKeyStoreNullPassword[4]" classname="org.apache.zookeeper.common.X509UtilTest" time="0.071"/>
  <testcase name="testLoadJKSKeyStoreAutodetectStoreFileType[4]" classname="org.apache.zookeeper.common.X509UtilTest" time="0.069"/>
  <testcase name="testCreateSSLContext_validCustomSSLContextClass[4]" classname="org.apache.zookeeper.common.X509UtilTest" time="0"/>
  <testcase name="testLoadPEMTrustStoreAutodetectStoreFileType[4]" classname="org.apache.zookeeper.common.X509UtilTest" time="0.001"/>
  <testcase name="testLoadJKSKeyStore[4]" classname="org.apache.zookeeper.common.X509UtilTest" time="0.064"/>
  <testcase name="testLoadJKSTrustStoreNullPassword[4]" classname="org.apache.zookeeper.common.X509UtilTest" time="0.067"/>
  <testcase name="testLoadJKSTrustStoreAutodetectStoreFileType[4]" classname="org.apache.zookeeper.common.X509UtilTest" time="0.063"/>
  <testcase name="testCreateSSLContextWithCustomProtocol[4]" classname="org.apache.zookeeper.common.X509UtilTest" time="0.173"/>
  <testcase name="testLoadJKSKeyStoreWithWrongPassword[4]" classname="org.apache.zookeeper.common.X509UtilTest" time="0.045"/>
  <testcase name="testLoadPKCS12TrustStoreNullPassword[4]" classname="org.apache.zookeeper.common.X509UtilTest" time="0.089"/>
  <testcase name="testGetDefaultCipherSuitesUnknownVersion[4]" classname="org.apache.zookeeper.common.X509UtilTest" time="0"/>
  <testcase name="testGetSslHandshakeDetectionTimeoutMillisProperty[4]" classname="org.apache.zookeeper.common.X509UtilTest" time="0.622"/>
  <testcase name="testLoadPKCS12KeyStoreAutodetectStoreFileType[4]" classname="org.apache.zookeeper.common.X509UtilTest" time="0.073"/>
  <testcase name="testCreateSSLSocket[4]" classname="org.apache.zookeeper.common.X509UtilTest" time="0.171"/>
  <testcase name="testLoadPEMTrustStore[4]" classname="org.apache.zookeeper.common.X509UtilTest" time="0.002"/>
  <testcase name="testGetDefaultCipherSuitesJava10[4]" classname="org.apache.zookeeper.common.X509UtilTest" time="0"/>
  <testcase name="testGetDefaultCipherSuitesJava11[4]" classname="org.apache.zookeeper.common.X509UtilTest" time="0.001"/>
  <testcase name="testLoadPEMKeyStoreNullPassword[4]" classname="org.apache.zookeeper.common.X509UtilTest" time="0.002"/>
  <testcase name="testLoadPEMKeyStoreAutodetectStoreFileType[4]" classname="org.apache.zookeeper.common.X509UtilTest" time="0.001"/>
  <testcase name="testLoadJKSTrustStore[4]" classname="org.apache.zookeeper.common.X509UtilTest" time="0.098"/>
  <testcase name="testLoadPEMKeyStore[4]" classname="org.apache.zookeeper.common.X509UtilTest" time="0.002"/>
  <testcase name="testLoadPKCS12KeyStoreWithWrongPassword[4]" classname="org.apache.zookeeper.common.X509UtilTest" time="0.041"/>
  <testcase name="testLoadPEMKeyStoreWithWrongPassword[4]" classname="org.apache.zookeeper.common.X509UtilTest" time="0.03"/>
  <testcase name="testCreateSSLServerSocketWithoutPort[4]" classname="org.apache.zookeeper.common.X509UtilTest" time="0.153"/>
  <testcase name="testGetDefaultCipherSuitesNullVersion[4]" classname="org.apache.zookeeper.common.X509UtilTest" time="0"/>
  <testcase name="testLoadPKCS12KeyStoreNullPassword[4]" classname="org.apache.zookeeper.common.X509UtilTest" time="0.064"/>
  <testcase name="testLoadPEMTrustStoreNullPassword[5]" classname="org.apache.zookeeper.common.X509UtilTest" time="0.165"/>
  <testcase name="testCreateSSLContextWithoutKeyStorePassword[5]" classname="org.apache.zookeeper.common.X509UtilTest" time="0.08"/>
  <testcase name="testLoadPKCS12TrustStore[5]" classname="org.apache.zookeeper.common.X509UtilTest" time="0.124"/>
  <testcase name="testLoadPKCS12TrustStoreWithWrongPassword[5]" classname="org.apache.zookeeper.common.X509UtilTest" time="0.029"/>
  <testcase name="testClientRenegotiationFails[5]" classname="org.apache.zookeeper.common.X509UtilTest" time="0.253"/>
  <testcase name="testCRLEnabled[5]" classname="org.apache.zookeeper.common.X509UtilTest" time="0.137"/>
  <testcase name="testCreateSSLContextWithoutKeyStoreLocation[5]" classname="org.apache.zookeeper.common.X509UtilTest" time="0.087"/>
  <testcase name="testLoadPKCS12KeyStore[5]" classname="org.apache.zookeeper.common.X509UtilTest" time="0.211"/>
  <testcase name="testLoadJKSTrustStoreWithWrongPassword[5]" classname="org.apache.zookeeper.common.X509UtilTest" time="0.05"/>
  <testcase name="testLoadPKCS12TrustStoreAutodetectStoreFileType[5]" classname="org.apache.zookeeper.common.X509UtilTest" time="0.075"/>
  <testcase name="testCreateSSLServerSocketWithPort[5]" classname="org.apache.zookeeper.common.X509UtilTest" time="0.136"/>
  <testcase name="testCreateSSLContextWithCustomCipherSuites[5]" classname="org.apache.zookeeper.common.X509UtilTest" time="0.115"/>
  <testcase name="testCRLDisabled[5]" classname="org.apache.zookeeper.common.X509UtilTest" time="0.125"/>
  <testcase name="testCreateSSLContext_invalidCustomSSLContextClass[5]" classname="org.apache.zookeeper.common.X509UtilTest" time="0.001"/>
  <testcase name="testCreateSSLContextWithoutCustomProtocol[5]" classname="org.apache.zookeeper.common.X509UtilTest" time="0.15"/>
  <testcase name="testOCSPEnabled[5]" classname="org.apache.zookeeper.common.X509UtilTest" time="0.152"/>
  <testcase name="testGetDefaultCipherSuitesJava8[5]" classname="org.apache.zookeeper.common.X509UtilTest" time="0"/>
  <testcase name="testGetDefaultCipherSuitesJava9[5]" classname="org.apache.zookeeper.common.X509UtilTest" time="0.001"/>
  <testcase name="testLoadJKSKeyStoreNullPassword[5]" classname="org.apache.zookeeper.common.X509UtilTest" time="0"/>
  <testcase name="testLoadJKSKeyStoreAutodetectStoreFileType[5]" classname="org.apache.zookeeper.common.X509UtilTest" time="0.078"/>
  <testcase name="testCreateSSLContext_validCustomSSLContextClass[5]" classname="org.apache.zookeeper.common.X509UtilTest" time="0"/>
  <testcase name="testLoadPEMTrustStoreAutodetectStoreFileType[5]" classname="org.apache.zookeeper.common.X509UtilTest" time="0.001"/>
  <testcase name="testLoadJKSKeyStore[5]" classname="org.apache.zookeeper.common.X509UtilTest" time="0.091"/>
  <testcase name="testLoadJKSTrustStoreNullPassword[5]" classname="org.apache.zookeeper.common.X509UtilTest" time="0"/>
  <testcase name="testLoadJKSTrustStoreAutodetectStoreFileType[5]" classname="org.apache.zookeeper.common.X509UtilTest" time="0.074"/>
  <testcase name="testCreateSSLContextWithCustomProtocol[5]" classname="org.apache.zookeeper.common.X509UtilTest" time="0.159"/>
  <testcase name="testLoadJKSKeyStoreWithWrongPassword[5]" classname="org.apache.zookeeper.common.X509UtilTest" time="0.056"/>
  <testcase name="testLoadPKCS12TrustStoreNullPassword[5]" classname="org.apache.zookeeper.common.X509UtilTest" time="0"/>
  <testcase name="testGetDefaultCipherSuitesUnknownVersion[5]" classname="org.apache.zookeeper.common.X509UtilTest" time="0"/>
  <testcase name="testGetSslHandshakeDetectionTimeoutMillisProperty[5]" classname="org.apache.zookeeper.common.X509UtilTest" time="0.661"/>
  <testcase name="testLoadPKCS12KeyStoreAutodetectStoreFileType[5]" classname="org.apache.zookeeper.common.X509UtilTest" time="0.074"/>
  <testcase name="testCreateSSLSocket[5]" classname="org.apache.zookeeper.common.X509UtilTest" time="0.147"/>
  <testcase name="testLoadPEMTrustStore[5]" classname="org.apache.zookeeper.common.X509UtilTest" time="0.032"/>
  <testcase name="testGetDefaultCipherSuitesJava10[5]" classname="org.apache.zookeeper.common.X509UtilTest" time="0"/>
  <testcase name="testGetDefaultCipherSuitesJava11[5]" classname="org.apache.zookeeper.common.X509UtilTest" time="0"/>
  <testcase name="testLoadPEMKeyStoreNullPassword[5]" classname="org.apache.zookeeper.common.X509UtilTest" time="0.001"/>
  <testcase name="testLoadPEMKeyStoreAutodetectStoreFileType[5]" classname="org.apache.zookeeper.common.X509UtilTest" time="0.099"/>
  <testcase name="testLoadJKSTrustStore[5]" classname="org.apache.zookeeper.common.X509UtilTest" time="0.069"/>
  <testcase name="testLoadPEMKeyStore[5]" classname="org.apache.zookeeper.common.X509UtilTest" time="0.022"/>
  <testcase name="testLoadPKCS12KeyStoreWithWrongPassword[5]" classname="org.apache.zookeeper.common.X509UtilTest" time="0.033"/>
  <testcase name="testLoadPEMKeyStoreWithWrongPassword[5]" classname="org.apache.zookeeper.common.X509UtilTest" time="0.003"/>
  <testcase name="testCreateSSLServerSocketWithoutPort[5]" classname="org.apache.zookeeper.common.X509UtilTest" time="0.162"/>
  <testcase name="testGetDefaultCipherSuitesNullVersion[5]" classname="org.apache.zookeeper.common.X509UtilTest" time="0"/>
  <testcase name="testLoadPKCS12KeyStoreNullPassword[5]" classname="org.apache.zookeeper.common.X509UtilTest" time="0"/>
  <testcase name="testLoadPEMTrustStoreNullPassword[6]" classname="org.apache.zookeeper.common.X509UtilTest" time="0.204"/>
  <testcase name="testCreateSSLContextWithoutKeyStorePassword[6]" classname="org.apache.zookeeper.common.X509UtilTest" time="0"/>
  <testcase name="testLoadPKCS12TrustStore[6]" classname="org.apache.zookeeper.common.X509UtilTest" time="0.186"/>
  <testcase name="testLoadPKCS12TrustStoreWithWrongPassword[6]" classname="org.apache.zookeeper.common.X509UtilTest" time="0.038"/>
  <testcase name="testClientRenegotiationFails[6]" classname="org.apache.zookeeper.common.X509UtilTest" time="0.259"/>
  <testcase name="testCRLEnabled[6]" classname="org.apache.zookeeper.common.X509UtilTest" time="0.153"/>
  <testcase name="testCreateSSLContextWithoutKeyStoreLocation[6]" classname="org.apache.zookeeper.common.X509UtilTest" time="0.059"/>
  <testcase name="testLoadPKCS12KeyStore[6]" classname="org.apache.zookeeper.common.X509UtilTest" time="0.186"/>
  <testcase name="testLoadJKSTrustStoreWithWrongPassword[6]" classname="org.apache.zookeeper.common.X509UtilTest" time="0.052"/>
  <testcase name="testLoadPKCS12TrustStoreAutodetectStoreFileType[6]" classname="org.apache.zookeeper.common.X509UtilTest" time="0.085"/>
  <testcase name="testCreateSSLServerSocketWithPort[6]" classname="org.apache.zookeeper.common.X509UtilTest" time="0.17"/>
  <testcase name="testCreateSSLContextWithCustomCipherSuites[6]" classname="org.apache.zookeeper.common.X509UtilTest" time="0.147"/>
  <testcase name="testCRLDisabled[6]" classname="org.apache.zookeeper.common.X509UtilTest" time="0.167"/>
  <testcase name="testCreateSSLContext_invalidCustomSSLContextClass[6]" classname="org.apache.zookeeper.common.X509UtilTest" time="0"/>
  <testcase name="testCreateSSLContextWithoutCustomProtocol[6]" classname="org.apache.zookeeper.common.X509UtilTest" time="0.138"/>
  <testcase name="testOCSPEnabled[6]" classname="org.apache.zookeeper.common.X509UtilTest" time="0.166"/>
  <testcase name="testGetDefaultCipherSuitesJava8[6]" classname="org.apache.zookeeper.common.X509UtilTest" time="0"/>
  <testcase name="testGetDefaultCipherSuitesJava9[6]" classname="org.apache.zookeeper.common.X509UtilTest" time="0"/>
  <testcase name="testLoadJKSKeyStoreNullPassword[6]" classname="org.apache.zookeeper.common.X509UtilTest" time="0.102"/>
  <testcase name="testLoadJKSKeyStoreAutodetectStoreFileType[6]" classname="org.apache.zookeeper.common.X509UtilTest" time="0.083"/>
  <testcase name="testCreateSSLContext_validCustomSSLContextClass[6]" classname="org.apache.zookeeper.common.X509UtilTest" time="0.001"/>
  <testcase name="testLoadPEMTrustStoreAutodetectStoreFileType[6]" classname="org.apache.zookeeper.common.X509UtilTest" time="0.001"/>
  <testcase name="testLoadJKSKeyStore[6]" classname="org.apache.zookeeper.common.X509UtilTest" time="0.083"/>
  <testcase name="testLoadJKSTrustStoreNullPassword[6]" classname="org.apache.zookeeper.common.X509UtilTest" time="0.098"/>
  <testcase name="testLoadJKSTrustStoreAutodetectStoreFileType[6]" classname="org.apache.zookeeper.common.X509UtilTest" time="0.103"/>
  <testcase name="testCreateSSLContextWithCustomProtocol[6]" classname="org.apache.zookeeper.common.X509UtilTest" time="0.169"/>
  <testcase name="testLoadJKSKeyStoreWithWrongPassword[6]" classname="org.apache.zookeeper.common.X509UtilTest" time="0.073"/>
  <testcase name="testLoadPKCS12TrustStoreNullPassword[6]" classname="org.apache.zookeeper.common.X509UtilTest" time="0.097"/>
  <testcase name="testGetDefaultCipherSuitesUnknownVersion[6]" classname="org.apache.zookeeper.common.X509UtilTest" time="0"/>
  <testcase name="testGetSslHandshakeDetectionTimeoutMillisProperty[6]" classname="org.apache.zookeeper.common.X509UtilTest" time="0.645"/>
  <testcase name="testLoadPKCS12KeyStoreAutodetectStoreFileType[6]" classname="org.apache.zookeeper.common.X509UtilTest" time="0.083"/>
  <testcase name="testCreateSSLSocket[6]" classname="org.apache.zookeeper.common.X509UtilTest" time="0.167"/>
  <testcase name="testLoadPEMTrustStore[6]" classname="org.apache.zookeeper.common.X509UtilTest" time="0.038"/>
  <testcase name="testGetDefaultCipherSuitesJava10[6]" classname="org.apache.zookeeper.common.X509UtilTest" time="0"/>
  <testcase name="testGetDefaultCipherSuitesJava11[6]" classname="org.apache.zookeeper.common.X509UtilTest" time="0"/>
  <testcase name="testLoadPEMKeyStoreNullPassword[6]" classname="org.apache.zookeeper.common.X509UtilTest" time="0.03"/>
  <testcase name="testLoadPEMKeyStoreAutodetectStoreFileType[6]" classname="org.apache.zookeeper.common.X509UtilTest" time="0"/>
  <testcase name="testLoadJKSTrustStore[6]" classname="org.apache.zookeeper.common.X509UtilTest" time="0.09"/>
  <testcase name="testLoadPEMKeyStore[6]" classname="org.apache.zookeeper.common.X509UtilTest" time="0.002"/>
  <testcase name="testLoadPKCS12KeyStoreWithWrongPassword[6]" classname="org.apache.zookeeper.common.X509UtilTest" time="0.064"/>
  <testcase name="testLoadPEMKeyStoreWithWrongPassword[6]" classname="org.apache.zookeeper.common.X509UtilTest" time="0.038"/>
  <testcase name="testCreateSSLServerSocketWithoutPort[6]" classname="org.apache.zookeeper.common.X509UtilTest" time="0.134"/>
  <testcase name="testGetDefaultCipherSuitesNullVersion[6]" classname="org.apache.zookeeper.common.X509UtilTest" time="0.001"/>
  <testcase name="testLoadPKCS12KeyStoreNullPassword[6]" classname="org.apache.zookeeper.common.X509UtilTest" time="0.079"/>
  <testcase name="testLoadPEMTrustStoreNullPassword[7]" classname="org.apache.zookeeper.common.X509UtilTest" time="0.221"/>
  <testcase name="testCreateSSLContextWithoutKeyStorePassword[7]" classname="org.apache.zookeeper.common.X509UtilTest" time="0.08"/>
  <testcase name="testLoadPKCS12TrustStore[7]" classname="org.apache.zookeeper.common.X509UtilTest" time="0.161"/>
  <testcase name="testLoadPKCS12TrustStoreWithWrongPassword[7]" classname="org.apache.zookeeper.common.X509UtilTest" time="0.036"/>
  <testcase name="testClientRenegotiationFails[7]" classname="org.apache.zookeeper.common.X509UtilTest" time="0.249"/>
  <testcase name="testCRLEnabled[7]" classname="org.apache.zookeeper.common.X509UtilTest" time="0.159"/>
  <testcase name="testCreateSSLContextWithoutKeyStoreLocation[7]" classname="org.apache.zookeeper.common.X509UtilTest" time="0.062"/>
  <testcase name="testLoadPKCS12KeyStore[7]" classname="org.apache.zookeeper.common.X509UtilTest" time="0.187"/>
  <testcase name="testLoadJKSTrustStoreWithWrongPassword[7]" classname="org.apache.zookeeper.common.X509UtilTest" time="0.034"/>
  <testcase name="testLoadPKCS12TrustStoreAutodetectStoreFileType[7]" classname="org.apache.zookeeper.common.X509UtilTest" time="0.082"/>
  <testcase name="testCreateSSLServerSocketWithPort[7]" classname="org.apache.zookeeper.common.X509UtilTest" time="0.164"/>
  <testcase name="testCreateSSLContextWithCustomCipherSuites[7]" classname="org.apache.zookeeper.common.X509UtilTest" time="0.164"/>
  <testcase name="testCRLDisabled[7]" classname="org.apache.zookeeper.common.X509UtilTest" time="0.159"/>
  <testcase name="testCreateSSLContext_invalidCustomSSLContextClass[7]" classname="org.apache.zookeeper.common.X509UtilTest" time="0.001"/>
  <testcase name="testCreateSSLContextWithoutCustomProtocol[7]" classname="org.apache.zookeeper.common.X509UtilTest" time="0.16"/>
  <testcase name="testOCSPEnabled[7]" classname="org.apache.zookeeper.common.X509UtilTest" time="0.161"/>
  <testcase name="testGetDefaultCipherSuitesJava8[7]" classname="org.apache.zookeeper.common.X509UtilTest" time="0.001"/>
  <testcase name="testGetDefaultCipherSuitesJava9[7]" classname="org.apache.zookeeper.common.X509UtilTest" time="0"/>
  <testcase name="testLoadJKSKeyStoreNullPassword[7]" classname="org.apache.zookeeper.common.X509UtilTest" time="0.001"/>
  <testcase name="testLoadJKSKeyStoreAutodetectStoreFileType[7]" classname="org.apache.zookeeper.common.X509UtilTest" time="0.079"/>
  <testcase name="testCreateSSLContext_validCustomSSLContextClass[7]" classname="org.apache.zookeeper.common.X509UtilTest" time="0.001"/>
  <testcase name="testLoadPEMTrustStoreAutodetectStoreFileType[7]" classname="org.apache.zookeeper.common.X509UtilTest" time="0.003"/>
  <testcase name="testLoadJKSKeyStore[7]" classname="org.apache.zookeeper.common.X509UtilTest" time="0.079"/>
  <testcase name="testLoadJKSTrustStoreNullPassword[7]" classname="org.apache.zookeeper.common.X509UtilTest" time="0.001"/>
  <testcase name="testLoadJKSTrustStoreAutodetectStoreFileType[7]" classname="org.apache.zookeeper.common.X509UtilTest" time="0.082"/>
  <testcase name="testCreateSSLContextWithCustomProtocol[7]" classname="org.apache.zookeeper.common.X509UtilTest" time="0.165"/>
  <testcase name="testLoadJKSKeyStoreWithWrongPassword[7]" classname="org.apache.zookeeper.common.X509UtilTest" time="0.054"/>
  <testcase name="testLoadPKCS12TrustStoreNullPassword[7]" classname="org.apache.zookeeper.common.X509UtilTest" time="0.001"/>
  <testcase name="testGetDefaultCipherSuitesUnknownVersion[7]" classname="org.apache.zookeeper.common.X509UtilTest" time="0.001"/>
  <testcase name="testGetSslHandshakeDetectionTimeoutMillisProperty[7]" classname="org.apache.zookeeper.common.X509UtilTest" time="0.649"/>
  <testcase name="testLoadPKCS12KeyStoreAutodetectStoreFileType[7]" classname="org.apache.zookeeper.common.X509UtilTest" time="0.091"/>
  <testcase name="testCreateSSLSocket[7]" classname="org.apache.zookeeper.common.X509UtilTest" time="0.162"/>
  <testcase name="testLoadPEMTrustStore[7]" classname="org.apache.zookeeper.common.X509UtilTest" time="0.001"/>
  <testcase name="testGetDefaultCipherSuitesJava10[7]" classname="org.apache.zookeeper.common.X509UtilTest" time="0"/>
  <testcase name="testGetDefaultCipherSuitesJava11[7]" classname="org.apache.zookeeper.common.X509UtilTest" time="0"/>
  <testcase name="testLoadPEMKeyStoreNullPassword[7]" classname="org.apache.zookeeper.common.X509UtilTest" time="0.001"/>
  <testcase name="testLoadPEMKeyStoreAutodetectStoreFileType[7]" classname="org.apache.zookeeper.common.X509UtilTest" time="0.034"/>
  <testcase name="testLoadJKSTrustStore[7]" classname="org.apache.zookeeper.common.X509UtilTest" time="0.076"/>
  <testcase name="testLoadPEMKeyStore[7]" classname="org.apache.zookeeper.common.X509UtilTest" time="0.028"/>
  <testcase name="testLoadPKCS12KeyStoreWithWrongPassword[7]" classname="org.apache.zookeeper.common.X509UtilTest" time="0.055"/>
  <testcase name="testLoadPEMKeyStoreWithWrongPassword[7]" classname="org.apache.zookeeper.common.X509UtilTest" time="0.005"/>
  <testcase name="testCreateSSLServerSocketWithoutPort[7]" classname="org.apache.zookeeper.common.X509UtilTest" time="0.159"/>
  <testcase name="testGetDefaultCipherSuitesNullVersion[7]" classname="org.apache.zookeeper.common.X509UtilTest" time="0.001"/>
  <testcase name="testLoadPKCS12KeyStoreNullPassword[7]" classname="org.apache.zookeeper.common.X509UtilTest" time="0"/>
</testsuite>