<?xml version="1.0" encoding="UTF-8"?>
<testsuite xmlns:xsi="http://www.w3.org/2001/XMLSchema-instance" xsi:noNamespaceSchemaLocation="https://maven.apache.org/surefire/maven-surefire-plugin/xsd/surefire-test-report.xsd" name="org.apache.zookeeper.server.quorum.Zab1_0Test" time="27.98" tests="12" errors="0" skipped="0" failures="1">
  <properties>
    <property name="build.test.dir" value="/Users/aleck/go/src/github.com/AleckDarcy/reload/reload/java/zookeeper/3.6.2/zookeeper-server/target/surefire"/>
    <property name="java.specification.version" value="15"/>
    <property name="sun.jnu.encoding" value="UTF-8"/>
    <property name="java.class.path" value="/Users/aleck/go/src/github.com/AleckDarcy/reload/reload/java/zookeeper/3.6.2/zookeeper-server/target/test-classes:/Users/aleck/go/src/github.com/AleckDarcy/reload/reload/java/zookeeper/3.6.2/zookeeper-server/target/classes:/Users/aleck/.m2/repository/com/github/spotbugs/spotbugs-annotations/4.0.2/spotbugs-annotations-4.0.2.jar:/Users/aleck/.m2/repository/com/google/code/findbugs/jsr305/3.0.2/jsr305-3.0.2.jar:/Users/aleck/.m2/repository/org/hamcrest/hamcrest-all/1.3/hamcrest-all-1.3.jar:/Users/aleck/.m2/repository/commons-collections/commons-collections/3.2.2/commons-collections-3.2.2.jar:/Users/aleck/.m2/repository/commons-lang/commons-lang/2.6/commons-lang-2.6.jar:/Users/aleck/go/src/github.com/AleckDarcy/reload/reload/java/zookeeper/3.6.2/zookeeper-jute/target/zookeeper-jute-3.6.2.jar:/Users/aleck/.m2/repository/commons-cli/commons-cli/1.2/commons-cli-1.2.jar:/Users/aleck/.m2/repository/org/apache/yetus/audience-annotations/0.5.0/audience-annotations-0.5.0.jar:/Users/aleck/.m2/repository/io/netty/netty-handler/4.1.50.Final/netty-handler-4.1.50.Final.jar:/Users/aleck/.m2/repository/io/netty/netty-common/4.1.50.Final/netty-common-4.1.50.Final.jar:/Users/aleck/.m2/repository/io/netty/netty-resolver/4.1.50.Final/netty-resolver-4.1.50.Final.jar:/Users/aleck/.m2/repository/io/netty/netty-buffer/4.1.50.Final/netty-buffer-4.1.50.Final.jar:/Users/aleck/.m2/repository/io/netty/netty-transport/4.1.50.Final/netty-transport-4.1.50.Final.jar:/Users/aleck/.m2/repository/io/netty/netty-codec/4.1.50.Final/netty-codec-4.1.50.Final.jar:/Users/aleck/.m2/repository/io/netty/netty-transport-native-epoll/4.1.50.Final/netty-transport-native-epoll-4.1.50.Final.jar:/Users/aleck/.m2/repository/io/netty/netty-transport-native-unix-common/4.1.50.Final/netty-transport-native-unix-common-4.1.50.Final.jar:/Users/aleck/.m2/repository/org/slf4j/slf4j-api/1.7.25/slf4j-api-1.7.25.jar:/Users/aleck/.m2/repository/org/slf4j/slf4j-log4j12/1.7.25/slf4j-log4j12-1.7.25.jar:/Users/aleck/.m2/repository/org/eclipse/jetty/jetty-server/9.4.24.v20191120/jetty-server-9.4.24.v20191120.jar:/Users/aleck/.m2/repository/javax/servlet/javax.servlet-api/3.1.0/javax.servlet-api-3.1.0.jar:/Users/aleck/.m2/repository/org/eclipse/jetty/jetty-http/9.4.24.v20191120/jetty-http-9.4.24.v20191120.jar:/Users/aleck/.m2/repository/org/eclipse/jetty/jetty-util/9.4.24.v20191120/jetty-util-9.4.24.v20191120.jar:/Users/aleck/.m2/repository/org/eclipse/jetty/jetty-io/9.4.24.v20191120/jetty-io-9.4.24.v20191120.jar:/Users/aleck/.m2/repository/org/eclipse/jetty/jetty-servlet/9.4.24.v20191120/jetty-servlet-9.4.24.v20191120.jar:/Users/aleck/.m2/repository/org/eclipse/jetty/jetty-security/9.4.24.v20191120/jetty-security-9.4.24.v20191120.jar:/Users/aleck/.m2/repository/com/fasterxml/jackson/core/jackson-databind/2.10.3/jackson-databind-2.10.3.jar:/Users/aleck/.m2/repository/com/fasterxml/jackson/core/jackson-annotations/2.10.3/jackson-annotations-2.10.3.jar:/Users/aleck/.m2/repository/com/fasterxml/jackson/core/jackson-core/2.10.3/jackson-core-2.10.3.jar:/Users/aleck/.m2/repository/com/googlecode/json-simple/json-simple/1.1.1/json-simple-1.1.1.jar:/Users/aleck/.m2/repository/org/bouncycastle/bcprov-jdk15on/1.60/bcprov-jdk15on-1.60.jar:/Users/aleck/.m2/repository/org/bouncycastle/bcpkix-jdk15on/1.60/bcpkix-jdk15on-1.60.jar:/Users/aleck/.m2/repository/jline/jline/2.14.6/jline-2.14.6.jar:/Users/aleck/.m2/repository/io/dropwizard/metrics/metrics-core/3.2.5/metrics-core-3.2.5.jar:/Users/aleck/.m2/repository/log4j/log4j/1.2.17/log4j-1.2.17.jar:/Users/aleck/.m2/repository/org/apache/kerby/kerb-core/2.0.0/kerb-core-2.0.0.jar:/Users/aleck/.m2/repository/org/apache/kerby/kerby-pkix/2.0.0/kerby-pkix-2.0.0.jar:/Users/aleck/.m2/repository/org/apache/kerby/kerby-asn1/2.0.0/kerby-asn1-2.0.0.jar:/Users/aleck/.m2/repository/org/apache/kerby/kerby-util/2.0.0/kerby-util-2.0.0.jar:/Users/aleck/.m2/repository/org/apache/kerby/kerb-simplekdc/2.0.0/kerb-simplekdc-2.0.0.jar:/Users/aleck/.m2/repository/org/apache/kerby/kerb-client/2.0.0/kerb-client-2.0.0.jar:/Users/aleck/.m2/repository/org/apache/kerby/kerb-common/2.0.0/kerb-common-2.0.0.jar:/Users/aleck/.m2/repository/org/apache/kerby/kerb-crypto/2.0.0/kerb-crypto-2.0.0.jar:/Users/aleck/.m2/repository/commons-io/commons-io/2.6/commons-io-2.6.jar:/Users/aleck/.m2/repository/org/apache/kerby/kerb-util/2.0.0/kerb-util-2.0.0.jar:/Users/aleck/.m2/repository/org/apache/kerby/token-provider/2.0.0/token-provider-2.0.0.jar:/Users/aleck/.m2/repository/com/nimbusds/nimbus-jose-jwt/4.41.2/nimbus-jose-jwt-4.41.2.jar:/Users/aleck/.m2/repository/com/github/stephenc/jcip/jcip-annotations/1.0-1/jcip-annotations-1.0-1.jar:/Users/aleck/.m2/repository/net/minidev/json-smart/2.3/json-smart-2.3.jar:/Users/aleck/.m2/repository/net/minidev/accessors-smart/1.2/accessors-smart-1.2.jar:/Users/aleck/.m2/repository/org/ow2/asm/asm/5.0.4/asm-5.0.4.jar:/Users/aleck/.m2/repository/org/apache/kerby/kerb-admin/2.0.0/kerb-admin-2.0.0.jar:/Users/aleck/.m2/repository/org/apache/kerby/kerb-server/2.0.0/kerb-server-2.0.0.jar:/Users/aleck/.m2/repository/org/apache/kerby/kerb-identity/2.0.0/kerb-identity-2.0.0.jar:/Users/aleck/.m2/repository/org/apache/kerby/kerby-xdr/2.0.0/kerby-xdr-2.0.0.jar:/Users/aleck/.m2/repository/org/apache/kerby/kerby-config/2.0.0/kerby-config-2.0.0.jar:/Users/aleck/.m2/repository/org/mockito/mockito-core/2.27.0/mockito-core-2.27.0.jar:/Users/aleck/.m2/repository/net/bytebuddy/byte-buddy/1.9.10/byte-buddy-1.9.10.jar:/Users/aleck/.m2/repository/net/bytebuddy/byte-buddy-agent/1.9.10/byte-buddy-agent-1.9.10.jar:/Users/aleck/.m2/repository/org/objenesis/objenesis/2.6/objenesis-2.6.jar:/Users/aleck/.m2/repository/org/jmockit/jmockit/1.48/jmockit-1.48.jar:/Users/aleck/.m2/repository/junit/junit/4.12/junit-4.12.jar:/Users/aleck/.m2/repository/org/hamcrest/hamcrest-core/1.3/hamcrest-core-1.3.jar:/Users/aleck/.m2/repository/org/xerial/snappy/snappy-java/1.1.7/snappy-java-1.1.7.jar:"/>
    <property name="java.vm.vendor" value="Oracle Corporation"/>
    <property name="sun.arch.data.model" value="64"/>
    <property name="java.vendor.url" value="https://openjdk.java.net/"/>
    <property name="os.name" value="Mac OS X"/>
    <property name="java.vm.specification.version" value="15"/>
    <property name="sun.java.launcher" value="SUN_STANDARD"/>
    <property name="user.country" value="CN"/>
    <property name="sun.boot.library.path" value="/usr/local/Cellar/openjdk/15.0.1/libexec/openjdk.jdk/Contents/Home/lib"/>
    <property name="sun.java.command" value="/Users/aleck/go/src/github.com/AleckDarcy/reload/reload/java/zookeeper/3.6.2/zookeeper-server/target/surefire/surefirebooter9576975172294698864.jar /Users/aleck/go/src/github.com/AleckDarcy/reload/reload/java/zookeeper/3.6.2/zookeeper-server/target/surefire 2020-12-21T19-21-54_603-jvmRun7 surefire2488186359879854001tmp surefire_2389178597907312286333tmp"/>
    <property name="jdk.debug" value="release"/>
    <property name="surefire.test.class.path" value="/Users/aleck/go/src/github.com/AleckDarcy/reload/reload/java/zookeeper/3.6.2/zookeeper-server/target/test-classes:/Users/aleck/go/src/github.com/AleckDarcy/reload/reload/java/zookeeper/3.6.2/zookeeper-server/target/classes:/Users/aleck/.m2/repository/com/github/spotbugs/spotbugs-annotations/4.0.2/spotbugs-annotations-4.0.2.jar:/Users/aleck/.m2/repository/com/google/code/findbugs/jsr305/3.0.2/jsr305-3.0.2.jar:/Users/aleck/.m2/repository/org/hamcrest/hamcrest-all/1.3/hamcrest-all-1.3.jar:/Users/aleck/.m2/repository/commons-collections/commons-collections/3.2.2/commons-collections-3.2.2.jar:/Users/aleck/.m2/repository/commons-lang/commons-lang/2.6/commons-lang-2.6.jar:/Users/aleck/go/src/github.com/AleckDarcy/reload/reload/java/zookeeper/3.6.2/zookeeper-jute/target/zookeeper-jute-3.6.2.jar:/Users/aleck/.m2/repository/commons-cli/commons-cli/1.2/commons-cli-1.2.jar:/Users/aleck/.m2/repository/org/apache/yetus/audience-annotations/0.5.0/audience-annotations-0.5.0.jar:/Users/aleck/.m2/repository/io/netty/netty-handler/4.1.50.Final/netty-handler-4.1.50.Final.jar:/Users/aleck/.m2/repository/io/netty/netty-common/4.1.50.Final/netty-common-4.1.50.Final.jar:/Users/aleck/.m2/repository/io/netty/netty-resolver/4.1.50.Final/netty-resolver-4.1.50.Final.jar:/Users/aleck/.m2/repository/io/netty/netty-buffer/4.1.50.Final/netty-buffer-4.1.50.Final.jar:/Users/aleck/.m2/repository/io/netty/netty-transport/4.1.50.Final/netty-transport-4.1.50.Final.jar:/Users/aleck/.m2/repository/io/netty/netty-codec/4.1.50.Final/netty-codec-4.1.50.Final.jar:/Users/aleck/.m2/repository/io/netty/netty-transport-native-epoll/4.1.50.Final/netty-transport-native-epoll-4.1.50.Final.jar:/Users/aleck/.m2/repository/io/netty/netty-transport-native-unix-common/4.1.50.Final/netty-transport-native-unix-common-4.1.50.Final.jar:/Users/aleck/.m2/repository/org/slf4j/slf4j-api/1.7.25/slf4j-api-1.7.25.jar:/Users/aleck/.m2/repository/org/slf4j/slf4j-log4j12/1.7.25/slf4j-log4j12-1.7.25.jar:/Users/aleck/.m2/repository/org/eclipse/jetty/jetty-server/9.4.24.v20191120/jetty-server-9.4.24.v20191120.jar:/Users/aleck/.m2/repository/javax/servlet/javax.servlet-api/3.1.0/javax.servlet-api-3.1.0.jar:/Users/aleck/.m2/repository/org/eclipse/jetty/jetty-http/9.4.24.v20191120/jetty-http-9.4.24.v20191120.jar:/Users/aleck/.m2/repository/org/eclipse/jetty/jetty-util/9.4.24.v20191120/jetty-util-9.4.24.v20191120.jar:/Users/aleck/.m2/repository/org/eclipse/jetty/jetty-io/9.4.24.v20191120/jetty-io-9.4.24.v20191120.jar:/Users/aleck/.m2/repository/org/eclipse/jetty/jetty-servlet/9.4.24.v20191120/jetty-servlet-9.4.24.v20191120.jar:/Users/aleck/.m2/repository/org/eclipse/jetty/jetty-security/9.4.24.v20191120/jetty-security-9.4.24.v20191120.jar:/Users/aleck/.m2/repository/com/fasterxml/jackson/core/jackson-databind/2.10.3/jackson-databind-2.10.3.jar:/Users/aleck/.m2/repository/com/fasterxml/jackson/core/jackson-annotations/2.10.3/jackson-annotations-2.10.3.jar:/Users/aleck/.m2/repository/com/fasterxml/jackson/core/jackson-core/2.10.3/jackson-core-2.10.3.jar:/Users/aleck/.m2/repository/com/googlecode/json-simple/json-simple/1.1.1/json-simple-1.1.1.jar:/Users/aleck/.m2/repository/org/bouncycastle/bcprov-jdk15on/1.60/bcprov-jdk15on-1.60.jar:/Users/aleck/.m2/repository/org/bouncycastle/bcpkix-jdk15on/1.60/bcpkix-jdk15on-1.60.jar:/Users/aleck/.m2/repository/jline/jline/2.14.6/jline-2.14.6.jar:/Users/aleck/.m2/repository/io/dropwizard/metrics/metrics-core/3.2.5/metrics-core-3.2.5.jar:/Users/aleck/.m2/repository/log4j/log4j/1.2.17/log4j-1.2.17.jar:/Users/aleck/.m2/repository/org/apache/kerby/kerb-core/2.0.0/kerb-core-2.0.0.jar:/Users/aleck/.m2/repository/org/apache/kerby/kerby-pkix/2.0.0/kerby-pkix-2.0.0.jar:/Users/aleck/.m2/repository/org/apache/kerby/kerby-asn1/2.0.0/kerby-asn1-2.0.0.jar:/Users/aleck/.m2/repository/org/apache/kerby/kerby-util/2.0.0/kerby-util-2.0.0.jar:/Users/aleck/.m2/repository/org/apache/kerby/kerb-simplekdc/2.0.0/kerb-simplekdc-2.0.0.jar:/Users/aleck/.m2/repository/org/apache/kerby/kerb-client/2.0.0/kerb-client-2.0.0.jar:/Users/aleck/.m2/repository/org/apache/kerby/kerb-common/2.0.0/kerb-common-2.0.0.jar:/Users/aleck/.m2/repository/org/apache/kerby/kerb-crypto/2.0.0/kerb-crypto-2.0.0.jar:/Users/aleck/.m2/repository/commons-io/commons-io/2.6/commons-io-2.6.jar:/Users/aleck/.m2/repository/org/apache/kerby/kerb-util/2.0.0/kerb-util-2.0.0.jar:/Users/aleck/.m2/repository/org/apache/kerby/token-provider/2.0.0/token-provider-2.0.0.jar:/Users/aleck/.m2/repository/com/nimbusds/nimbus-jose-jwt/4.41.2/nimbus-jose-jwt-4.41.2.jar:/Users/aleck/.m2/repository/com/github/stephenc/jcip/jcip-annotations/1.0-1/jcip-annotations-1.0-1.jar:/Users/aleck/.m2/repository/net/minidev/json-smart/2.3/json-smart-2.3.jar:/Users/aleck/.m2/repository/net/minidev/accessors-smart/1.2/accessors-smart-1.2.jar:/Users/aleck/.m2/repository/org/ow2/asm/asm/5.0.4/asm-5.0.4.jar:/Users/aleck/.m2/repository/org/apache/kerby/kerb-admin/2.0.0/kerb-admin-2.0.0.jar:/Users/aleck/.m2/repository/org/apache/kerby/kerb-server/2.0.0/kerb-server-2.0.0.jar:/Users/aleck/.m2/repository/org/apache/kerby/kerb-identity/2.0.0/kerb-identity-2.0.0.jar:/Users/aleck/.m2/repository/org/apache/kerby/kerby-xdr/2.0.0/kerby-xdr-2.0.0.jar:/Users/aleck/.m2/repository/org/apache/kerby/kerby-config/2.0.0/kerby-config-2.0.0.jar:/Users/aleck/.m2/repository/org/mockito/mockito-core/2.27.0/mockito-core-2.27.0.jar:/Users/aleck/.m2/repository/net/bytebuddy/byte-buddy/1.9.10/byte-buddy-1.9.10.jar:/Users/aleck/.m2/repository/net/bytebuddy/byte-buddy-agent/1.9.10/byte-buddy-agent-1.9.10.jar:/Users/aleck/.m2/repository/org/objenesis/objenesis/2.6/objenesis-2.6.jar:/Users/aleck/.m2/repository/org/jmockit/jmockit/1.48/jmockit-1.48.jar:/Users/aleck/.m2/repository/junit/junit/4.12/junit-4.12.jar:/Users/aleck/.m2/repository/org/hamcrest/hamcrest-core/1.3/hamcrest-core-1.3.jar:/Users/aleck/.m2/repository/org/xerial/snappy/snappy-java/1.1.7/snappy-java-1.1.7.jar:"/>
    <property name="sun.cpu.endian" value="little"/>
    <property name="user.home" value="/Users/aleck"/>
    <property name="user.language" value="en"/>
    <property name="java.specification.vendor" value="Oracle Corporation"/>
    <property name="java.version.date" value="2020-10-20"/>
    <property name="java.home" value="/usr/local/Cellar/openjdk/15.0.1/libexec/openjdk.jdk/Contents/Home"/>
    <property name="zookeeper.DigestAuthenticationProvider.superDigest" value="super:D/InIHSb7yEEbrWz8b9l71RjZJU="/>
    <property name="file.separator" value="/"/>
    <property name="basedir" value="/Users/aleck/go/src/github.com/AleckDarcy/reload/reload/java/zookeeper/3.6.2/zookeeper-server"/>
    <property name="java.vm.compressedOopsMode" value="Zero based"/>
    <property name="line.separator" value="&#10;"/>
    <property name="java.specification.name" value="Java Platform API Specification"/>
    <property name="java.vm.specification.vendor" value="Oracle Corporation"/>
    <property name="test.junit.threads" value="8"/>
    <property name="surefire.real.class.path" value="/Users/aleck/go/src/github.com/AleckDarcy/reload/reload/java/zookeeper/3.6.2/zookeeper-server/target/surefire/surefirebooter9576975172294698864.jar"/>
    <property name="zookeeper.junit.threadid" value="7"/>
    <property name="sun.management.compiler" value="HotSpot 64-Bit Tiered Compilers"/>
    <property name="java.runtime.version" value="15.0.1+9"/>
    <property name="user.name" value="aleck"/>
    <property name="path.separator" value=":"/>
    <property name="os.version" value="11.1"/>
    <property name="java.runtime.name" value="OpenJDK Runtime Environment"/>
    <property name="file.encoding" value="UTF-8"/>
    <property name="java.vm.name" value="OpenJDK 64-Bit Server VM"/>
    <property name="localRepository" value="/Users/aleck/.m2/repository"/>
    <property name="java.vendor.url.bug" value="https://bugreport.java.com/bugreport/"/>
    <property name="java.io.tmpdir" value="/var/folders/_1/3xdp_mt923b81d6gg86gq91w0000gn/T/"/>
    <property name="java.version" value="15.0.1"/>
    <property name="user.dir" value="/Users/aleck/go/src/github.com/AleckDarcy/reload/reload/java/zookeeper/3.6.2/zookeeper-server"/>
    <property name="os.arch" value="x86_64"/>
    <property name="java.vm.specification.name" value="Java Virtual Machine Specification"/>
    <property name="java.library.path" value="/Users/aleck/Library/Java/Extensions:/Library/Java/Extensions:/Network/Library/Java/Extensions:/System/Library/Java/Extensions:/usr/lib/java:."/>
    <property name="java.vm.info" value="mixed mode, sharing"/>
    <property name="java.vendor" value="N/A"/>
    <property name="java.vm.version" value="15.0.1+9"/>
    <property name="sun.io.unicode.encoding" value="UnicodeBig"/>
    <property name="java.class.version" value="59.0"/>
    <property name="maven.test.failure.ignore" value="true"/>
  </properties>
  <testcase name="testNormalFollowerRun" classname="org.apache.zookeeper.server.quorum.Zab1_0Test" time="2.236"/>
  <testcase name="testLeaderInConnectingFollowers" classname="org.apache.zookeeper.server.quorum.Zab1_0Test" time="4.188"/>
  <testcase name="testNormalFollowerRunWithDiff" classname="org.apache.zookeeper.server.quorum.Zab1_0Test" time="1.486">
    <failure type="java.lang.AssertionError">java.lang.AssertionError
	at org.apache.zookeeper.server.quorum.Zab1_0Test.testFollowerConversation(Zab1_0Test.java:444)
	at org.apache.zookeeper.server.quorum.Zab1_0Test.testNormalFollowerRunWithDiff(Zab1_0Test.java:705)
</failure>
    <system-out><![CDATA[2020-12-21 19:45:23,078 [myid:] - INFO  [main:ZKTestCase$1@86] - STARTING testNormalFollowerRunWithDiff
2020-12-21 19:45:23,078 [myid:] - INFO  [main:JUnit4ZKTestRunner$LoggedInvokeMethod@84] - RUNNING TEST METHOD testNormalFollowerRunWithDiff
2020-12-21 19:45:23,080 [myid:] - INFO  [main:PortAssignment@87] - Assigned port 27398 from range 27379 - 30071.
2020-12-21 19:45:23,081 [myid:] - INFO  [main:PortAssignment@87] - Assigned port 27399 from range 27379 - 30071.
2020-12-21 19:45:23,082 [myid:] - INFO  [main:PortAssignment@87] - Assigned port 27400 from range 27379 - 30071.
2020-12-21 19:45:23,082 [myid:] - INFO  [main:PortAssignment@87] - Assigned port 27401 from range 27379 - 30071.
2020-12-21 19:45:23,083 [myid:] - INFO  [main:PortAssignment@87] - Assigned port 27402 from range 27379 - 30071.
2020-12-21 19:45:23,083 [myid:] - INFO  [main:PortAssignment@87] - Assigned port 27403 from range 27379 - 30071.
2020-12-21 19:45:23,084 [myid:] - INFO  [main:PortAssignment@87] - Assigned port 27404 from range 27379 - 30071.
2020-12-21 19:45:23,084 [myid:] - INFO  [main:PortAssignment@87] - Assigned port 27405 from range 27379 - 30071.
2020-12-21 19:45:23,085 [myid:] - INFO  [main:PortAssignment@87] - Assigned port 27406 from range 27379 - 30071.
2020-12-21 19:45:23,085 [myid:] - WARN  [main:QuorumPeer@1787] - configFilename is null! This should only happen in tests.
2020-12-21 19:45:23,547 [myid:] - INFO  [main:FileTxnSnapLog@124] - zookeeper.snapshot.trust.empty : false
2020-12-21 19:45:23,549 [myid:] - INFO  [main:WatchManagerFactory@42] - Using org.apache.zookeeper.server.watch.WatchManager as watch manager
2020-12-21 19:45:23,549 [myid:] - INFO  [main:WatchManagerFactory@42] - Using org.apache.zookeeper.server.watch.WatchManager as watch manager
2020-12-21 19:45:23,550 [myid:] - INFO  [main:ZKDatabase@132] - zookeeper.snapshotSizeFactor = 0.33
2020-12-21 19:45:23,550 [myid:] - INFO  [main:ZKDatabase@152] - zookeeper.commitLogCount=500
2020-12-21 19:45:23,550 [myid:] - INFO  [main:ZooKeeperServer@1256] - minSessionTimeout set to 4000
2020-12-21 19:45:23,550 [myid:] - INFO  [main:ZooKeeperServer@1265] - maxSessionTimeout set to 40000
2020-12-21 19:45:23,551 [myid:] - INFO  [main:ResponseCache@45] - Response cache size is initialized with value 400.
2020-12-21 19:45:23,551 [myid:] - INFO  [main:ResponseCache@45] - Response cache size is initialized with value 400.
2020-12-21 19:45:23,551 [myid:] - INFO  [main:RequestPathMetricsCollector@111] - zookeeper.pathStats.slotCapacity = 60
2020-12-21 19:45:23,551 [myid:] - INFO  [main:RequestPathMetricsCollector@112] - zookeeper.pathStats.slotDuration = 15
2020-12-21 19:45:23,552 [myid:] - INFO  [main:RequestPathMetricsCollector@113] - zookeeper.pathStats.maxDepth = 6
2020-12-21 19:45:23,552 [myid:] - INFO  [main:RequestPathMetricsCollector@114] - zookeeper.pathStats.initialDelay = 5
2020-12-21 19:45:23,552 [myid:] - INFO  [main:RequestPathMetricsCollector@115] - zookeeper.pathStats.delay = 5
2020-12-21 19:45:23,552 [myid:] - INFO  [main:RequestPathMetricsCollector@116] - zookeeper.pathStats.enabled = false
2020-12-21 19:45:23,553 [myid:] - INFO  [main:ZooKeeperServer@1481] - The max bytes for all large requests are set to 104857600
2020-12-21 19:45:23,553 [myid:] - INFO  [main:ZooKeeperServer@1495] - The large request threshold is set to -1
2020-12-21 19:45:23,553 [myid:] - INFO  [main:ZooKeeperServer@339] - Created server with tickTime 2000 minSessionTimeout 4000 maxSessionTimeout 40000 clientPortListenBacklog -1 datadir src/test/resources/data/test3976319104513939317dir/version-2 snapdir src/test/resources/data/test3976319104513939317dir/version-2
2020-12-21 19:45:23,554 [myid:] - INFO  [Thread-3:Follower@75] - FOLLOWING - LEADER ELECTION TOOK - 47266365 MS
2020-12-21 19:45:23,554 [myid:] - INFO  [Thread-3:QuorumPeer@863] - Peer state changed: looking - discovery
2020-12-21 19:45:23,555 [myid:] - INFO  [LeaderConnector-/127.0.0.1:54154:Learner$LeaderConnector@330] - Successfully connected to leader, using address: /127.0.0.1:54154
2020-12-21 19:45:23,651 [myid:] - INFO  [Thread-3:FileTxnSnapLog@251] - Initialize file found, an empty database will not block voting participation
2020-12-21 19:45:23,652 [myid:] - INFO  [Thread-3:FileTxnSnapLog@470] - Snapshotting: 0x0 to src/test/resources/data/test3976319104513939317dir/version-2/snapshot.0
2020-12-21 19:45:23,717 [myid:] - INFO  [main:FileTxnSnapLog@124] - zookeeper.snapshot.trust.empty : false
2020-12-21 19:45:23,745 [myid:] - INFO  [Thread-3:ZKDatabase@289] - Snapshot loaded in 190 ms, highest zxid is 0x0, digest is 1371985504
2020-12-21 19:45:23,746 [myid:] - INFO  [main:WatchManagerFactory@42] - Using org.apache.zookeeper.server.watch.WatchManager as watch manager
2020-12-21 19:45:23,747 [myid:] - INFO  [main:WatchManagerFactory@42] - Using org.apache.zookeeper.server.watch.WatchManager as watch manager
2020-12-21 19:45:23,747 [myid:] - INFO  [main:ZKDatabase@132] - zookeeper.snapshotSizeFactor = 0.33
2020-12-21 19:45:23,747 [myid:] - INFO  [main:ZKDatabase@152] - zookeeper.commitLogCount=500
2020-12-21 19:45:24,027 [myid:] - INFO  [Thread-3:QuorumPeer@863] - Peer state changed: looking - synchronization
2020-12-21 19:45:24,028 [myid:] - INFO  [Thread-3:Learner@511] - Getting a diff from the leader 0x100000001
2020-12-21 19:45:24,028 [myid:] - INFO  [Thread-3:QuorumPeer@868] - Peer state changed: looking - synchronization - diff
2020-12-21 19:45:24,030 [myid:] - WARN  [Thread-3:Learner@577] - Got zxid 0x100000002 expected 0x1
2020-12-21 19:45:24,030 [myid:] - INFO  [Thread-3:Learner@677] - Learner received NEWLEADER message
2020-12-21 19:45:24,222 [myid:] - INFO  [Thread-3:Learner@661] - Learner received UPTODATE message
2020-12-21 19:45:24,222 [myid:] - INFO  [Thread-3:QuorumPeer@868] - Peer state changed: looking - synchronization
2020-12-21 19:45:24,223 [myid:] - INFO  [Thread-3:CommitProcessor@476] - Configuring CommitProcessor with readBatchSize -1 commitBatchSize 1
2020-12-21 19:45:24,223 [myid:] - INFO  [Thread-3:CommitProcessor@438] - Configuring CommitProcessor with 8 worker threads.
2020-12-21 19:45:24,225 [myid:] - INFO  [Thread-3:QuorumPeer@863] - Peer state changed: looking - broadcast
2020-12-21 19:45:24,225 [myid:] - INFO  [SyncThread:0:FileTxnLog@284] - Creating new log file: log.100000002
2020-12-21 19:45:24,225 [myid:] - INFO  [CommitProcessor:0:LearnerSessionTracker@116] - Committing global session 0x4
2020-12-21 19:45:24,226 [myid:] - INFO  [main:FileTxnSnapLog@124] - zookeeper.snapshot.trust.empty : false
2020-12-21 19:45:24,250 [myid:] - INFO  [main:WatchManagerFactory@42] - Using org.apache.zookeeper.server.watch.WatchManager as watch manager
2020-12-21 19:45:24,251 [myid:] - INFO  [main:WatchManagerFactory@42] - Using org.apache.zookeeper.server.watch.WatchManager as watch manager
2020-12-21 19:45:24,251 [myid:] - INFO  [main:ZKDatabase@132] - zookeeper.snapshotSizeFactor = 0.33
2020-12-21 19:45:24,251 [myid:] - INFO  [main:ZKDatabase@152] - zookeeper.commitLogCount=500
2020-12-21 19:45:24,287 [myid:] - INFO  [main:FileSnap@85] - Reading snapshot src/test/resources/data/test3976319104513939317dir/version-2/snapshot.0
2020-12-21 19:45:24,288 [myid:] - INFO  [main:DataTree@1737] - The digest value is empty in snapshot
2020-12-21 19:45:24,342 [myid:] - INFO  [main:ZKDatabase@289] - Snapshot loaded in 91 ms, highest zxid is 0x0, digest is 1371985504
2020-12-21 19:45:24,343 [myid:] - INFO  [main:Zab1_0Test$5@799] - zkdb2 sessions:[]
2020-12-21 19:45:24,343 [myid:] - INFO  [main:Zab1_0Test$5@800] - zkdb2 with timeouts:{}
2020-12-21 19:45:24,370 [myid:] - INFO  [main:Follower@292] - shutdown Follower
2020-12-21 19:45:24,370 [myid:] - WARN  [Thread-3:Follower@129] - Exception when following the leader
java.net.SocketException: Socket closed
	at java.base/sun.nio.ch.NioSocketImpl.endRead(NioSocketImpl.java:248)
	at java.base/sun.nio.ch.NioSocketImpl.implRead(NioSocketImpl.java:327)
	at java.base/sun.nio.ch.NioSocketImpl.read(NioSocketImpl.java:350)
	at java.base/sun.nio.ch.NioSocketImpl$1.read(NioSocketImpl.java:803)
	at java.base/java.net.Socket$SocketInputStream.read(Socket.java:981)
	at java.base/java.io.BufferedInputStream.fill(BufferedInputStream.java:244)
	at java.base/java.io.BufferedInputStream.read(BufferedInputStream.java:263)
	at java.base/java.io.DataInputStream.readInt(DataInputStream.java:391)
	at org.apache.jute.BinaryInputArchive.readInt(BinaryInputArchive.java:96)
	at org.apache.zookeeper.server.quorum.QuorumPacket.deserialize(QuorumPacket.java:90)
	at org.apache.jute.BinaryInputArchive.readRecord(BinaryInputArchive.java:134)
	at org.apache.zookeeper.server.quorum.Learner.readPacket(Learner.java:182)
	at org.apache.zookeeper.server.quorum.Follower.followLeader(Follower.java:125)
	at org.apache.zookeeper.server.quorum.Zab1_0Test$1.run(Zab1_0Test.java:430)
2020-12-21 19:45:24,370 [myid:] - INFO  [main:LearnerZooKeeperServer@160] - Shutting down
2020-12-21 19:45:24,371 [myid:] - INFO  [Thread-3:Follower@143] - Disconnected from leader (with address: /127.0.0.1:54154). Was connected for 815ms. Sync state: true
2020-12-21 19:45:24,371 [myid:] - INFO  [main:ZooKeeperServer@794] - shutting down
2020-12-21 19:45:24,372 [myid:] - INFO  [main:RequestThrottler@244] - Shutting down
2020-12-21 19:45:24,372 [myid:] - INFO  [RequestThrottler:RequestThrottler@205] - Draining request throttler queue
2020-12-21 19:45:24,372 [myid:] - INFO  [RequestThrottler:RequestThrottler@181] - RequestThrottler shutdown. Dropped 0 requests
2020-12-21 19:45:24,372 [myid:] - INFO  [main:FollowerRequestProcessor@148] - Shutting down
2020-12-21 19:45:24,372 [myid:] - INFO  [main:CommitProcessor@617] - Shutting down
2020-12-21 19:45:24,372 [myid:] - INFO  [FollowerRequestProcessor:0:FollowerRequestProcessor@112] - FollowerRequestProcessor exited loop!
2020-12-21 19:45:24,373 [myid:] - INFO  [main:FinalRequestProcessor@662] - shutdown of request processor complete
2020-12-21 19:45:24,373 [myid:] - INFO  [CommitProcessor:0:CommitProcessor@406] - CommitProcessor exited loop!
2020-12-21 19:45:24,396 [myid:] - WARN  [SyncThread:0:SendAckRequestProcessor@65] - Closing connection to leader, exception during packet send
java.net.SocketException: Socket closed
	at java.base/sun.nio.ch.NioSocketImpl.ensureOpenAndConnected(NioSocketImpl.java:165)
	at java.base/sun.nio.ch.NioSocketImpl.beginWrite(NioSocketImpl.java:366)
	at java.base/sun.nio.ch.NioSocketImpl.implWrite(NioSocketImpl.java:411)
	at java.base/sun.nio.ch.NioSocketImpl.write(NioSocketImpl.java:440)
	at java.base/sun.nio.ch.NioSocketImpl$2.write(NioSocketImpl.java:826)
	at java.base/java.net.Socket$SocketOutputStream.write(Socket.java:1051)
	at java.base/java.io.BufferedOutputStream.flushBuffer(BufferedOutputStream.java:81)
	at java.base/java.io.BufferedOutputStream.flush(BufferedOutputStream.java:142)
	at org.apache.zookeeper.server.quorum.Learner.writePacket(Learner.java:168)
	at org.apache.zookeeper.server.quorum.SendAckRequestProcessor.flush(SendAckRequestProcessor.java:63)
	at org.apache.zookeeper.server.SyncRequestProcessor.flush(SyncRequestProcessor.java:249)
	at org.apache.zookeeper.server.SyncRequestProcessor.run(SyncRequestProcessor.java:169)
2020-12-21 19:45:24,396 [myid:] - INFO  [main:SyncRequestProcessor@256] - Shutting down
2020-12-21 19:45:24,397 [myid:] - INFO  [SyncThread:0:SyncRequestProcessor@225] - SyncRequestProcessor exited!
2020-12-21 19:45:24,398 [myid:] - INFO  [main:Follower@292] - shutdown Follower
2020-12-21 19:45:24,557 [myid:] - WARN  [main:JUnit4ZKTestRunner$LoggedInvokeMethod@105] - TEST METHOD FAILED testNormalFollowerRunWithDiff
java.lang.AssertionError
	at org.apache.zookeeper.server.quorum.Zab1_0Test$5.converseWithFollower(Zab1_0Test.java:801)
	at org.apache.zookeeper.server.quorum.Zab1_0Test.testFollowerConversation(Zab1_0Test.java:444)
	at org.apache.zookeeper.server.quorum.Zab1_0Test.testNormalFollowerRunWithDiff(Zab1_0Test.java:705)
	at org.apache.zookeeper.JUnit4ZKTestRunner$LoggedInvokeMethod.evaluate(JUnit4ZKTestRunner.java:86)
2020-12-21 19:45:24,558 [myid:] - ERROR [main:ZKTestCase$1@101] - FAILED testNormalFollowerRunWithDiff
java.lang.AssertionError
	at org.apache.zookeeper.server.quorum.Zab1_0Test$5.converseWithFollower(Zab1_0Test.java:801)
	at org.apache.zookeeper.server.quorum.Zab1_0Test.testFollowerConversation(Zab1_0Test.java:444)
	at org.apache.zookeeper.server.quorum.Zab1_0Test.testNormalFollowerRunWithDiff(Zab1_0Test.java:705)
	at org.apache.zookeeper.JUnit4ZKTestRunner$LoggedInvokeMethod.evaluate(JUnit4ZKTestRunner.java:86)
2020-12-21 19:45:24,558 [myid:] - INFO  [main:ZKTestCase$1@91] - FINISHED testNormalFollowerRunWithDiff
]]></system-out>
  </testcase>
  <testcase name="testUnnecessarySnap" classname="org.apache.zookeeper.server.quorum.Zab1_0Test" time="0.137"/>
  <testcase name="testLastAcceptedEpoch" classname="org.apache.zookeeper.server.quorum.Zab1_0Test" time="0.185"/>
  <testcase name="testLeaderBehind" classname="org.apache.zookeeper.server.quorum.Zab1_0Test" time="0.496"/>
  <testcase name="testLeaderInElectingFollowers" classname="org.apache.zookeeper.server.quorum.Zab1_0Test" time="4.211"/>
  <testcase name="testTxnTimeout" classname="org.apache.zookeeper.server.quorum.Zab1_0Test" time="4.782"/>
  <testcase name="testAbandonBeforeACKEpoch" classname="org.apache.zookeeper.server.quorum.Zab1_0Test" time="9.133"/>
  <testcase name="testInitialAcceptedCurrent" classname="org.apache.zookeeper.server.quorum.Zab1_0Test" time="0.492"/>
  <testcase name="testNormalObserverRun" classname="org.apache.zookeeper.server.quorum.Zab1_0Test" time="0.308"/>
  <testcase name="testNormalRun" classname="org.apache.zookeeper.server.quorum.Zab1_0Test" time="0.102"/>
</testsuite>