<?xml version="1.0" encoding="UTF-8"?>
<testsuite xmlns:xsi="http://www.w3.org/2001/XMLSchema-instance" xsi:noNamespaceSchemaLocation="https://maven.apache.org/surefire/maven-surefire-plugin/xsd/surefire-test-report.xsd" name="org.apache.zookeeper.recipes.lock.ZNodeNameTest" time="0.078" tests="4" errors="0" skipped="0" failures="0">
  <properties>
    <property name="build.test.dir" value="/Users/aleck/go/src/github.com/AleckDarcy/reload/reload/java/zookeeper/3.6.2/zookeeper-recipes/zookeeper-recipes-lock/target/surefire"/>
    <property name="java.specification.version" value="15"/>
    <property name="sun.jnu.encoding" value="UTF-8"/>
    <property name="java.class.path" value="/Users/aleck/go/src/github.com/AleckDarcy/reload/reload/java/zookeeper/3.6.2/zookeeper-recipes/zookeeper-recipes-lock/target/test-classes:/Users/aleck/go/src/github.com/AleckDarcy/reload/reload/java/zookeeper/3.6.2/zookeeper-recipes/zookeeper-recipes-lock/target/classes:/Users/aleck/go/src/github.com/AleckDarcy/reload/reload/java/zookeeper/3.6.2/zookeeper-server/target/zookeeper-3.6.2.jar:/Users/aleck/.m2/repository/commons-lang/commons-lang/2.6/commons-lang-2.6.jar:/Users/aleck/go/src/github.com/AleckDarcy/reload/reload/java/zookeeper/3.6.2/zookeeper-jute/target/zookeeper-jute-3.6.2.jar:/Users/aleck/.m2/repository/org/apache/yetus/audience-annotations/0.5.0/audience-annotations-0.5.0.jar:/Users/aleck/.m2/repository/io/netty/netty-handler/4.1.50.Final/netty-handler-4.1.50.Final.jar:/Users/aleck/.m2/repository/io/netty/netty-common/4.1.50.Final/netty-common-4.1.50.Final.jar:/Users/aleck/.m2/repository/io/netty/netty-resolver/4.1.50.Final/netty-resolver-4.1.50.Final.jar:/Users/aleck/.m2/repository/io/netty/netty-buffer/4.1.50.Final/netty-buffer-4.1.50.Final.jar:/Users/aleck/.m2/repository/io/netty/netty-transport/4.1.50.Final/netty-transport-4.1.50.Final.jar:/Users/aleck/.m2/repository/io/netty/netty-codec/4.1.50.Final/netty-codec-4.1.50.Final.jar:/Users/aleck/.m2/repository/io/netty/netty-transport-native-epoll/4.1.50.Final/netty-transport-native-epoll-4.1.50.Final.jar:/Users/aleck/.m2/repository/io/netty/netty-transport-native-unix-common/4.1.50.Final/netty-transport-native-unix-common-4.1.50.Final.jar:/Users/aleck/.m2/repository/org/slf4j/slf4j-api/1.7.25/slf4j-api-1.7.25.jar:/Users/aleck/.m2/repository/org/slf4j/slf4j-log4j12/1.7.25/slf4j-log4j12-1.7.25.jar:/Users/aleck/.m2/repository/log4j/log4j/1.2.17/log4j-1.2.17.jar:/Users/aleck/go/src/github.com/AleckDarcy/reload/reload/java/zookeeper/3.6.2/zookeeper-server/target/zookeeper-3.6.2-tests.jar:/Users/aleck/.m2/repository/org/xerial/snappy/snappy-java/1.1.7/snappy-java-1.1.7.jar:/Users/aleck/.m2/repository/junit/junit/4.12/junit-4.12.jar:/Users/aleck/.m2/repository/org/hamcrest/hamcrest-core/1.3/hamcrest-core-1.3.jar:/Users/aleck/.m2/repository/io/dropwizard/metrics/metrics-core/3.2.5/metrics-core-3.2.5.jar:/Users/aleck/.m2/repository/com/github/spotbugs/spotbugs-annotations/4.0.2/spotbugs-annotations-4.0.2.jar:/Users/aleck/.m2/repository/com/google/code/findbugs/jsr305/3.0.2/jsr305-3.0.2.jar:"/>
    <property name="java.vm.vendor" value="Oracle Corporation"/>
    <property name="sun.arch.data.model" value="64"/>
    <property name="java.vendor.url" value="https://openjdk.java.net/"/>
    <property name="os.name" value="Mac OS X"/>
    <property name="java.vm.specification.version" value="15"/>
    <property name="sun.java.launcher" value="SUN_STANDARD"/>
    <property name="user.country" value="CN"/>
    <property name="sun.boot.library.path" value="/usr/local/Cellar/openjdk/15.0.1/libexec/openjdk.jdk/Contents/Home/lib"/>
    <property name="sun.java.command" value="/Users/aleck/go/src/github.com/AleckDarcy/reload/reload/java/zookeeper/3.6.2/zookeeper-recipes/zookeeper-recipes-lock/target/surefire/surefirebooter15835717685913484706.jar /Users/aleck/go/src/github.com/AleckDarcy/reload/reload/java/zookeeper/3.6.2/zookeeper-recipes/zookeeper-recipes-lock/target/surefire 2020-12-21T19-21-54_603-jvmRun6 surefire3565535452254158168tmp surefire_2843278504541950155508tmp"/>
    <property name="jdk.debug" value="release"/>
    <property name="surefire.test.class.path" value="/Users/aleck/go/src/github.com/AleckDarcy/reload/reload/java/zookeeper/3.6.2/zookeeper-recipes/zookeeper-recipes-lock/target/test-classes:/Users/aleck/go/src/github.com/AleckDarcy/reload/reload/java/zookeeper/3.6.2/zookeeper-recipes/zookeeper-recipes-lock/target/classes:/Users/aleck/go/src/github.com/AleckDarcy/reload/reload/java/zookeeper/3.6.2/zookeeper-server/target/zookeeper-3.6.2.jar:/Users/aleck/.m2/repository/commons-lang/commons-lang/2.6/commons-lang-2.6.jar:/Users/aleck/go/src/github.com/AleckDarcy/reload/reload/java/zookeeper/3.6.2/zookeeper-jute/target/zookeeper-jute-3.6.2.jar:/Users/aleck/.m2/repository/org/apache/yetus/audience-annotations/0.5.0/audience-annotations-0.5.0.jar:/Users/aleck/.m2/repository/io/netty/netty-handler/4.1.50.Final/netty-handler-4.1.50.Final.jar:/Users/aleck/.m2/repository/io/netty/netty-common/4.1.50.Final/netty-common-4.1.50.Final.jar:/Users/aleck/.m2/repository/io/netty/netty-resolver/4.1.50.Final/netty-resolver-4.1.50.Final.jar:/Users/aleck/.m2/repository/io/netty/netty-buffer/4.1.50.Final/netty-buffer-4.1.50.Final.jar:/Users/aleck/.m2/repository/io/netty/netty-transport/4.1.50.Final/netty-transport-4.1.50.Final.jar:/Users/aleck/.m2/repository/io/netty/netty-codec/4.1.50.Final/netty-codec-4.1.50.Final.jar:/Users/aleck/.m2/repository/io/netty/netty-transport-native-epoll/4.1.50.Final/netty-transport-native-epoll-4.1.50.Final.jar:/Users/aleck/.m2/repository/io/netty/netty-transport-native-unix-common/4.1.50.Final/netty-transport-native-unix-common-4.1.50.Final.jar:/Users/aleck/.m2/repository/org/slf4j/slf4j-api/1.7.25/slf4j-api-1.7.25.jar:/Users/aleck/.m2/repository/org/slf4j/slf4j-log4j12/1.7.25/slf4j-log4j12-1.7.25.jar:/Users/aleck/.m2/repository/log4j/log4j/1.2.17/log4j-1.2.17.jar:/Users/aleck/go/src/github.com/AleckDarcy/reload/reload/java/zookeeper/3.6.2/zookeeper-server/target/zookeeper-3.6.2-tests.jar:/Users/aleck/.m2/repository/org/xerial/snappy/snappy-java/1.1.7/snappy-java-1.1.7.jar:/Users/aleck/.m2/repository/junit/junit/4.12/junit-4.12.jar:/Users/aleck/.m2/repository/org/hamcrest/hamcrest-core/1.3/hamcrest-core-1.3.jar:/Users/aleck/.m2/repository/io/dropwizard/metrics/metrics-core/3.2.5/metrics-core-3.2.5.jar:/Users/aleck/.m2/repository/com/github/spotbugs/spotbugs-annotations/4.0.2/spotbugs-annotations-4.0.2.jar:/Users/aleck/.m2/repository/com/google/code/findbugs/jsr305/3.0.2/jsr305-3.0.2.jar:"/>
    <property name="sun.cpu.endian" value="little"/>
    <property name="user.home" value="/Users/aleck"/>
    <property name="user.language" value="en"/>
    <property name="java.specification.vendor" value="Oracle Corporation"/>
    <property name="java.version.date" value="2020-10-20"/>
    <property name="java.home" value="/usr/local/Cellar/openjdk/15.0.1/libexec/openjdk.jdk/Contents/Home"/>
    <property name="file.separator" value="/"/>
    <property name="basedir" value="/Users/aleck/go/src/github.com/AleckDarcy/reload/reload/java/zookeeper/3.6.2/zookeeper-recipes/zookeeper-recipes-lock"/>
    <property name="java.vm.compressedOopsMode" value="Zero based"/>
    <property name="line.separator" value="&#10;"/>
    <property name="java.vm.specification.vendor" value="Oracle Corporation"/>
    <property name="java.specification.name" value="Java Platform API Specification"/>
    <property name="surefire.real.class.path" value="/Users/aleck/go/src/github.com/AleckDarcy/reload/reload/java/zookeeper/3.6.2/zookeeper-recipes/zookeeper-recipes-lock/target/surefire/surefirebooter15835717685913484706.jar"/>
    <property name="sun.management.compiler" value="HotSpot 64-Bit Tiered Compilers"/>
    <property name="java.runtime.version" value="15.0.1+9"/>
    <property name="user.name" value="aleck"/>
    <property name="path.separator" value=":"/>
    <property name="os.version" value="11.1"/>
    <property name="java.runtime.name" value="OpenJDK Runtime Environment"/>
    <property name="file.encoding" value="UTF-8"/>
    <property name="java.vm.name" value="OpenJDK 64-Bit Server VM"/>
    <property name="localRepository" value="/Users/aleck/.m2/repository"/>
    <property name="java.vendor.url.bug" value="https://bugreport.java.com/bugreport/"/>
    <property name="java.io.tmpdir" value="/var/folders/_1/3xdp_mt923b81d6gg86gq91w0000gn/T/"/>
    <property name="java.version" value="15.0.1"/>
    <property name="user.dir" value="/Users/aleck/go/src/github.com/AleckDarcy/reload/reload/java/zookeeper/3.6.2/zookeeper-recipes/zookeeper-recipes-lock"/>
    <property name="os.arch" value="x86_64"/>
    <property name="java.vm.specification.name" value="Java Virtual Machine Specification"/>
    <property name="java.library.path" value="/Users/aleck/Library/Java/Extensions:/Library/Java/Extensions:/Network/Library/Java/Extensions:/System/Library/Java/Extensions:/usr/lib/java:."/>
    <property name="java.vm.info" value="mixed mode, sharing"/>
    <property name="java.vendor" value="N/A"/>
    <property name="java.vm.version" value="15.0.1+9"/>
    <property name="sun.io.unicode.encoding" value="UnicodeBig"/>
    <property name="java.class.version" value="59.0"/>
    <property name="maven.test.failure.ignore" value="true"/>
  </properties>
  <testcase name="testOrderWithExtraPrefixes" classname="org.apache.zookeeper.recipes.lock.ZNodeNameTest" time="0.026"/>
  <testcase name="testOrderWithDifferentPrefixes" classname="org.apache.zookeeper.recipes.lock.ZNodeNameTest" time="0"/>
  <testcase name="testOrderWithDifferentPrefixIncludingSessionId" classname="org.apache.zookeeper.recipes.lock.ZNodeNameTest" time="0.001"/>
  <testcase name="testOrderWithSamePrefix" classname="org.apache.zookeeper.recipes.lock.ZNodeNameTest" time="0"/>
</testsuite>